


ARM Macro Assembler    Page 1 


    1 00000000         ;LABEL  DIRECTIVE VALUE  COMMENT
    2 00000000                 AREA             main, READONLY, CODE
    3 00000000                 THUMB
    4 00000000                 EXTERN           PULSE_INIT  ; Pulse initializat
                                                            ion 
    5 00000000                 EXPORT           __main      ; Make available
    6 00000000         
    7 00000000         __main
    8 00000000 F7FF FFFE       BL               PULSE_INIT  ; initialize pulse
    9 00000004 F04F 0000       MOV              R0,#0       ; R0 is turn counte
                                                            r
   10 00000008 E7FE    loop    B                loop        ;
   11 0000000A         
   12 0000000A 00 00           ALIGN
   13 0000000C                 END
Command Line: --debug --xref --diag_suppress=9931 --cpu=Cortex-M4.fp --apcs=int
erwork --depend=.\objects\q1_main.d -o.\objects\q1_main.o -I"D:\Furkan\Furkan P
roje\Q2\RTE" -IC:\Keil_v5\ARM\PACK\Keil\TM4C_DFP\1.1.0\Device\Include\TM4C123 -
IC:\Keil_v5\ARM\CMSIS\Include --predefine="__EVAL SETA 1" --predefine="__UVISIO
N_VERSION SETA 521" --predefine="TM4C123GH6PM SETA 1" --list=.\listings\q1_main
.lst ..\Q1\Q1_Main.s



ARM Macro Assembler    Page 1 Alphabetic symbol ordering
Relocatable symbols

__main 00000000

Symbol: __main
   Definitions
      At line 7 in file ..\Q1\Q1_Main.s
   Uses
      At line 5 in file ..\Q1\Q1_Main.s
Comment: __main used once
loop 00000008

Symbol: loop
   Definitions
      At line 10 in file ..\Q1\Q1_Main.s
   Uses
      At line 10 in file ..\Q1\Q1_Main.s
Comment: loop used once
main 00000000

Symbol: main
   Definitions
      At line 2 in file ..\Q1\Q1_Main.s
   Uses
      None
Comment: main unused
3 symbols



ARM Macro Assembler    Page 1 Alphabetic symbol ordering
External symbols

PULSE_INIT 00000000

Symbol: PULSE_INIT
   Definitions
      At line 4 in file ..\Q1\Q1_Main.s
   Uses
      At line 8 in file ..\Q1\Q1_Main.s
Comment: PULSE_INIT used once
1 symbol
338 symbols in table
