


ARM Macro Assembler    Page 1 


    1 00000000         
    2 00000000 20000400 
                       FIRST   EQU              0x20000400
    3 00000000                 AREA             main,CODE,READONLY
    4 00000000                 THUMB
    5 00000000                 EXTERN           InChar
    6 00000000                 EXTERN           OutStr
    7 00000000                 EXTERN           CONVRT
    8 00000000                 EXTERN           portals
    9 00000000         
   10 00000000                 EXPORT           __main
   11 00000000         __main
   12 00000000 F04F 0000 
                       start   MOV              R0,#0       ;input number 
   13 00000004 F04F 010A       MOV              R1,#10      ;base value
   14 00000008         
   15 00000008 F7FF FFFE 
                       findingNumber
                               BL               InChar      ;take digit of inpu
                                                            t number
   16 0000000C 2D2D            CMP              R5,#0x2D    ;compare input with
                                                             '-'
   17 0000000E D005            BEQ              PORTAL      ;if equal, go to po
                                                            rtal
   18 00000010 FB00 F001       MUL              R0,R1       ;if not, multiply w
                                                            ith current number 
                                                            with base value
   19 00000014 F1A5 0530       SUB              R5,#0x30    ;eliminate ascii of
                                                            fset
   20 00000018 4428            ADD              R0,R5       ;add to number to s
                                                            torage register
   21 0000001A E7F5            B                findingNumber ;take next digit
   22 0000001C         
   23 0000001C 4680    PORTAL  MOV              R8,R0       ;keep number a regi
                                                            ster with no change
                                                            
   24 0000001E F7FF FFFE       BL               portals     ;go to portals subr
                                                            outine
   25 00000022 4604            MOV              R4,R0       ;load number to r4
   26 00000024 4D03            LDR              R5,=FIRST
   27 00000026 F7FF FFFE       BL               CONVRT      ;convert to decimal
                                                            
   28 0000002A 4D02            LDR              R5,=FIRST
   29 0000002C F7FF FFFE       BL               OutStr      ;show the decimal n
                                                            umber
   30 00000030 E7E6            B                start       ;go to start
   31 00000032                 END
              00 00 20000400 
Command Line: --debug --xref --diag_suppress=9931 --cpu=Cortex-M4.fp --apcs=int
erwork --depend=.\objects\__main.d -o.\objects\__main.o -I.\RTE\_Target_1 -IC:\
Keil_v5\ARM\PACK\Keil\TM4C_DFP\1.1.0\Device\Include\TM4C123 -IC:\Keil_v5\ARM\CM
SIS\Include --predefine="__EVAL SETA 1" --predefine="__UVISION_VERSION SETA 526
" --predefine="TM4C123GH6PM SETA 1" --list=.\listings\__main.lst __main.s



ARM Macro Assembler    Page 1 Alphabetic symbol ordering
Relocatable symbols

PORTAL 0000001C

Symbol: PORTAL
   Definitions
      At line 23 in file __main.s
   Uses
      At line 17 in file __main.s
Comment: PORTAL used once
__main 00000000

Symbol: __main
   Definitions
      At line 11 in file __main.s
   Uses
      At line 10 in file __main.s
Comment: __main used once
findingNumber 00000008

Symbol: findingNumber
   Definitions
      At line 15 in file __main.s
   Uses
      At line 21 in file __main.s
Comment: findingNumber used once
main 00000000

Symbol: main
   Definitions
      At line 3 in file __main.s
   Uses
      None
Comment: main unused
start 00000000

Symbol: start
   Definitions
      At line 12 in file __main.s
   Uses
      At line 30 in file __main.s
Comment: start used once
5 symbols



ARM Macro Assembler    Page 1 Alphabetic symbol ordering
Absolute symbols

FIRST 20000400

Symbol: FIRST
   Definitions
      At line 2 in file __main.s
   Uses
      At line 26 in file __main.s
      At line 28 in file __main.s

1 symbol



ARM Macro Assembler    Page 1 Alphabetic symbol ordering
External symbols

CONVRT 00000000

Symbol: CONVRT
   Definitions
      At line 7 in file __main.s
   Uses
      At line 27 in file __main.s
Comment: CONVRT used once
InChar 00000000

Symbol: InChar
   Definitions
      At line 5 in file __main.s
   Uses
      At line 15 in file __main.s
Comment: InChar used once
OutStr 00000000

Symbol: OutStr
   Definitions
      At line 6 in file __main.s
   Uses
      At line 29 in file __main.s
Comment: OutStr used once
portals 00000000

Symbol: portals
   Definitions
      At line 8 in file __main.s
   Uses
      At line 24 in file __main.s
Comment: portals used once
4 symbols
346 symbols in table
