


ARM Macro Assembler    Page 1 


    1 00000000 400053FC 
                       GPIO_PORTB_DATA
                               EQU              0x400053FC
    2 00000000         ;*******************************************************
                       ********
    3 00000000         ; Program section           
    4 00000000         ;*******************************************************
                       ********
    5 00000000         ;LABEL  DIRECTIVE VALUE  COMMENT
    6 00000000         ;LABEL DIRECTIVE VALUE COMMENT
    7 00000000                 AREA             rutins , CODE, READONLY
    8 00000000                 THUMB
    9 00000000                 EXPORT           CheckInput  ;
   10 00000000                 EXTERN           delay       ;
   11 00000000         CheckInput
                               PROC
   12 00000000 491B            LDR              R1,=GPIO_PORTB_DATA ; Data addr
                                                            ess in R1
   13 00000002 F04F 0200       MOV              R2,#0       ; R2 holds the info
                                                            rmation cw or ccw
   14 00000006 6808    Check   LDR              R0,[R1]     ;Checks for any inp
                                                            ut
   15 00000008 EA4F 1010       LSR              R0,#4       ;
   16 0000000C 0840            LSRS             R0,#1       ;
   17 0000000E D306            BCC              Delay100
   18 00000010 0840            LSRS             R0,#1       ;
   19 00000012 D304            BCC              Delay100
   20 00000014 0840            LSRS             R0,#1       ;
   21 00000016 D302            BCC              Delay100
   22 00000018 0840            LSRS             R0,#1       ;
   23 0000001A D300            BCC              Delay100
   24 0000001C 4770            BX               LR          ; End
   25 0000001E F646 2000 
              F2C0 0018 
                       Delay100
                               MOV32            R0,#1600000 ;If any input is de
                                                            tected
   26 00000026 B500            PUSH{LR}
   27 00000028 F7FF FFFE       BL               delay
   28 0000002C F85D EB04       POP{LR}
   29 00000030 6808            LDR              R0,[R1]     ; Check Again
   30 00000032 EA4F 1010       LSR              R0,#4       ;
   31 00000036 0840            LSRS             R0,#1       ;
   32 00000038 BF38 2201       MOVCC            R2,#1       ; 1 is the cw direc
                                                            tion PB4 pressed
   33 0000003C D30C            BCC              Released    ; If input is detec
                                                            ted again wait for 
                                                            relase
   34 0000003E 0840            LSRS             R0,#1       ;
   35 00000040 BF38 2202       MOVCC            R2,#2       ; 2 is the ccw dire
                                                            ction PB5 pressed
   36 00000044 D308            BCC              Released
   37 00000046 0840            LSRS             R0,#1       ;
   38 00000048 BF38 2203       MOVCC            R2,#3       ; 1 is speed up, PB
                                                            6 pressed
   39 0000004C D304            BCC              Released    ; If input is detec
                                                            ted again wait for 
                                                            relase
   40 0000004E 0840            LSRS             R0,#1       ;



ARM Macro Assembler    Page 2 


   41 00000050 BF38 2204       MOVCC            R2,#4       ; 2 is speed down, 
                                                            PB7 pressed
   42 00000054 D300            BCC              Released
   43 00000056 4770            BX               LR          ; if no signal
   44 00000058         
   45 00000058         
   46 00000058 6808    Released
                               LDR              R0,[R1]     ; It checks for if 
                                                            the switch is open 
                                                            again
   47 0000005A EA4F 1010       LSR              R0,#4       ;
   48 0000005E 0840            LSRS             R0,#1       ;
   49 00000060 D3FA            BCC              Released    ; If it is not open
                                                            
   50 00000062 0840            LSRS             R0,#1       ;
   51 00000064 D3F8            BCC              Released    ;
   52 00000066 0840            LSRS             R0,#1       ;
   53 00000068 D3F6            BCC              Released    ; If it is not open
                                                            
   54 0000006A 0840            LSRS             R0,#1       ;
   55 0000006C D3F4            BCC              Released    ;
   56 0000006E 4770            BX               LR          ; end
   57 00000070         
   58 00000070         ;*******************************************************
                       ********
   59 00000070         ; End of the program  section
   60 00000070         ;*******************************************************
                       ********
   61 00000070         ;LABEL      DIRECTIVE       VALUE                       
                           COMMENT
   62 00000070                 ALIGN
   63 00000070                 ENDP
   64 00000070                 END
              400053FC 
Command Line: --debug --xref --diag_suppress=9931 --cpu=Cortex-M4.fp --apcs=int
erwork --depend=.\objects\inputcheck.d -o.\objects\inputcheck.o -I"C:\Users\Fur
kan\Google Drive\Ders Kitaplarý-Notlar\4. Sýnýf\EE447\LAB\Exp5\Q5\RTE" -IC:\Kei
l_v5\ARM\PACK\Keil\TM4C_DFP\1.1.0\Device\Include\TM4C123 -IC:\Keil_v5\ARM\CMSIS
\Include --predefine="__EVAL SETA 1" --predefine="__UVISION_VERSION SETA 521" -
-predefine="TM4C123GH6PM SETA 1" --list=.\listings\inputcheck.lst InputCheck.s



ARM Macro Assembler    Page 1 Alphabetic symbol ordering
Relocatable symbols

Check 00000006

Symbol: Check
   Definitions
      At line 14 in file InputCheck.s
   Uses
      None
Comment: Check unused
CheckInput 00000000

Symbol: CheckInput
   Definitions
      At line 11 in file InputCheck.s
   Uses
      At line 9 in file InputCheck.s
Comment: CheckInput used once
Delay100 0000001E

Symbol: Delay100
   Definitions
      At line 25 in file InputCheck.s
   Uses
      At line 17 in file InputCheck.s
      At line 19 in file InputCheck.s
      At line 21 in file InputCheck.s
      At line 23 in file InputCheck.s

Released 00000058

Symbol: Released
   Definitions
      At line 46 in file InputCheck.s
   Uses
      At line 33 in file InputCheck.s
      At line 36 in file InputCheck.s
      At line 39 in file InputCheck.s
      At line 42 in file InputCheck.s
      At line 49 in file InputCheck.s
      At line 51 in file InputCheck.s
      At line 53 in file InputCheck.s
      At line 55 in file InputCheck.s

rutins 00000000

Symbol: rutins
   Definitions
      At line 7 in file InputCheck.s
   Uses
      None
Comment: rutins unused
5 symbols



ARM Macro Assembler    Page 1 Alphabetic symbol ordering
Absolute symbols

GPIO_PORTB_DATA 400053FC

Symbol: GPIO_PORTB_DATA
   Definitions
      At line 1 in file InputCheck.s
   Uses
      At line 12 in file InputCheck.s
Comment: GPIO_PORTB_DATA used once
1 symbol



ARM Macro Assembler    Page 1 Alphabetic symbol ordering
External symbols

delay 00000000

Symbol: delay
   Definitions
      At line 10 in file InputCheck.s
   Uses
      At line 27 in file InputCheck.s
Comment: delay used once
1 symbol
343 symbols in table
