


ARM Macro Assembler    Page 1 


    1 00000000 E000E014 
                       NVIC_ST_RELOAD
                               EQU              0xE000E014
    2 00000000         ;*******************************************************
                       ********
    3 00000000         ; Program section           
    4 00000000         ;*******************************************************
                       ********
    5 00000000         ;LABEL  DIRECTIVE VALUE  COMMENT
    6 00000000         ;LABEL DIRECTIVE VALUE COMMENT
    7 00000000                 AREA             rutins , CODE, READONLY
    8 00000000         ;THUMB
    9 00000000                 EXTERN           SignalSend  ;  
   10 00000000                 EXPORT           DriveMotor  ;
   11 00000000         DriveMotor
                               PROC
   12 00000000 F04F 0402       MOV              R4,#2       ;
   13 00000004 2A00            CMP              R2,#0       ;
   14 00000006 4770            BX               LR          ;
   15 00000008 2A01            CMP              R2,#1
   16 0000000A D005            BEQ              CW
   17 0000000C 2A02            CMP              R2,#2
   18 0000000E D010            BEQ              CCW
   19 00000010 2A03            CMP              R2,#3
   20 00000012 D01B            BEQ              SpeedUp
   21 00000014 2A04            CMP              R2,#4
   22 00000016 D01F            BEQ              SpeedDown
   23 00000018 F003 030F 
                       CW      AND              R3,R3,#15   ;
   24 0000001C 2B01            CMP              R3,#1
   25 0000001E BF0C 2308       MOVEQ            R3,#8       ;
   26 00000022 085B            LSRNE            R3,R3,#1    ;
   27 00000024 461E            MOV              R6,R3       ;
   28 00000026 B500            PUSH             {LR}
   29 00000028 F7FF FFFE       BL               SignalSend  ;
   30 0000002C F85D EB04       POP              {LR}
   31 00000030 4770            BX               LR          ; end
   32 00000032 F003 030F 
                       CCW     AND              R3,R3,#15   ;
   33 00000036 2B08            CMP              R3,#8
   34 00000038 BF0C 2301       MOVEQ            R3,#1       ;
   35 0000003C 005B            LSLNE            R3,R3,#1    ;
   36 0000003E 461E            MOV              R6,R3       ;
   37 00000040 B500            PUSH             {LR}
   38 00000042 F7FF FFFE       BL               SignalSend  ;
   39 00000046 F85D EB04       POP              {LR}
   40 0000004A 4770            BX               LR          ; end
   41 0000004C 4905    SpeedUp LDR              R1,=NVIC_ST_RELOAD
   42 0000004E 6808            LDR              R0,[R1]
   43 00000050 FBB0 F0F4       UDIV             R0,R0,R4    ;Interrupt period i
                                                            s decreased
   44 00000054 6008            STR              R0,[R1]
   45 00000056 4770            BX               LR          ; end
   46 00000058 4902    SpeedDown
                               LDR              R1,=NVIC_ST_RELOAD
   47 0000005A 6808            LDR              R0,[R1]
   48 0000005C FB00 F004       MUL              R0,R0,R4    ;Interrupt period i
                                                            s increased
   49 00000060 6008            STR              R0,[R1]



ARM Macro Assembler    Page 2 


   50 00000062 4770            BX               LR          ; end
   51 00000064         
   52 00000064         ;*******************************************************
                       ********
   53 00000064         ; End of the program  section
   54 00000064         ;*******************************************************
                       ********
   55 00000064         ;LABEL      DIRECTIVE       VALUE                       
                           COMMENT
   56 00000064         
   57 00000064                 ENDP
   58 00000064                 END
              E000E014 
Command Line: --debug --xref --diag_suppress=9931 --cpu=Cortex-M4.fp --apcs=int
erwork --depend=.\objects\motordrive.d -o.\objects\motordrive.o -I"C:\Users\Fur
kan\Google Drive\Ders Kitaplarý-Notlar\4. Sýnýf\EE447\LAB\Exp5\Q5\RTE" -IC:\Kei
l_v5\ARM\PACK\Keil\TM4C_DFP\1.1.0\Device\Include\TM4C123 -IC:\Keil_v5\ARM\CMSIS
\Include --predefine="__EVAL SETA 1" --predefine="__UVISION_VERSION SETA 521" -
-predefine="TM4C123GH6PM SETA 1" --list=.\listings\motordrive.lst MotorDrive.s



ARM Macro Assembler    Page 1 Alphabetic symbol ordering
Relocatable symbols

CCW 00000032

Symbol: CCW
   Definitions
      At line 32 in file MotorDrive.s
   Uses
      At line 18 in file MotorDrive.s
Comment: CCW used once
CW 00000018

Symbol: CW
   Definitions
      At line 23 in file MotorDrive.s
   Uses
      At line 16 in file MotorDrive.s
Comment: CW used once
DriveMotor 00000000

Symbol: DriveMotor
   Definitions
      At line 11 in file MotorDrive.s
   Uses
      At line 10 in file MotorDrive.s
Comment: DriveMotor used once
SpeedDown 00000058

Symbol: SpeedDown
   Definitions
      At line 46 in file MotorDrive.s
   Uses
      At line 22 in file MotorDrive.s
Comment: SpeedDown used once
SpeedUp 0000004C

Symbol: SpeedUp
   Definitions
      At line 41 in file MotorDrive.s
   Uses
      At line 20 in file MotorDrive.s
Comment: SpeedUp used once
rutins 00000000

Symbol: rutins
   Definitions
      At line 7 in file MotorDrive.s
   Uses
      None
Comment: rutins unused
6 symbols



ARM Macro Assembler    Page 1 Alphabetic symbol ordering
Absolute symbols

NVIC_ST_RELOAD E000E014

Symbol: NVIC_ST_RELOAD
   Definitions
      At line 1 in file MotorDrive.s
   Uses
      At line 41 in file MotorDrive.s
      At line 46 in file MotorDrive.s

1 symbol



ARM Macro Assembler    Page 1 Alphabetic symbol ordering
External symbols

SignalSend 00000000

Symbol: SignalSend
   Definitions
      At line 9 in file MotorDrive.s
   Uses
      At line 29 in file MotorDrive.s
      At line 38 in file MotorDrive.s

1 symbol
344 symbols in table
