


ARM Macro Assembler    Page 1 


    1 00000000                 AREA             main, READONLY, CODE
    2 00000000                 THUMB
    3 00000000                 EXTERN           OutStr      ; Reference externa
                                                            l subroutine 
    4 00000000                 EXTERN           InChar      ; Serial input Adde
                                                            d
    5 00000000                 EXTERN           SignalSend  ; GPIO signal send
    6 00000000                 EXTERN           InitGPIO    ; GPIO initialize
    7 00000000                 EXTERN           delay       ; Delay is availabl
                                                            e
    8 00000000                 EXTERN           CHECKINPUT  ; Input Check is av
                                                            ailable
    9 00000000                 EXPORT           __main      ; Make available
   10 00000000         
   11 00000000         __main
   12 00000000 F7FF FFFE       BL               InitGPIO    ; GPIO initialized
   13 00000004 F04F 0301       MOV              R3, #1      ;
   14 00000008 F04F 0600       MOV              R6, #0      ;
   15 0000000C F7FF FFFE       BL               SignalSend  ;
   16 00000010 F7FF FFFE 
                       BEGIN   BL               CHECKINPUT
   17 00000014         
   18 00000014 E7FC            B                BEGIN
   19 00000016         
   20 00000016         ;   CMP  R2, #0
   21 00000016         ;   BEQ  BEGIN
   22 00000016         ;   CMP  R2, #1
   23 00000016         ;   BEQ  CW
   24 00000016         ;   B  BEGIN
   25 00000016         ;   
   26 00000016         ;   
   27 00000016         ;CW   AND  R3,R3,#15;
   28 00000016         ;   CMP  R3,#1
   29 00000016         ;   MOVEQ R3,#8;
   30 00000016         ;   LSRNE R3,R3,#1;
   31 00000016         ;   MOV  R6,R3;
   32 00000016         ;   B  CW;
   33 00000016         
   34 00000016         
   35 00000016         
   36 00000016         
   37 00000016         
   38 00000016         
   39 00000016 00 00           ALIGN
   40 00000018                 END
Command Line: --debug --xref --diag_suppress=9931 --cpu=Cortex-M4.fp --apcs=int
erwork --depend=.\objects\__main.d -o.\objects\__main.o -I.\RTE\_Target_1 -IC:\
Keil_v5\ARM\PACK\Keil\TM4C_DFP\1.1.0\Device\Include\TM4C123 -IC:\Keil_v5\ARM\CM
SIS\Include --predefine="__EVAL SETA 1" --predefine="__UVISION_VERSION SETA 526
" --predefine="TM4C123GH6PM SETA 1" --list=.\listings\__main.lst __main.s



ARM Macro Assembler    Page 1 Alphabetic symbol ordering
Relocatable symbols

BEGIN 00000010

Symbol: BEGIN
   Definitions
      At line 16 in file __main.s
   Uses
      At line 18 in file __main.s
Comment: BEGIN used once
__main 00000000

Symbol: __main
   Definitions
      At line 11 in file __main.s
   Uses
      At line 9 in file __main.s
Comment: __main used once
main 00000000

Symbol: main
   Definitions
      At line 1 in file __main.s
   Uses
      None
Comment: main unused
3 symbols



ARM Macro Assembler    Page 1 Alphabetic symbol ordering
External symbols

CHECKINPUT 00000000

Symbol: CHECKINPUT
   Definitions
      At line 8 in file __main.s
   Uses
      At line 16 in file __main.s
Comment: CHECKINPUT used once
InChar 00000000

Symbol: InChar
   Definitions
      At line 4 in file __main.s
   Uses
      None
Comment: InChar unused
InitGPIO 00000000

Symbol: InitGPIO
   Definitions
      At line 6 in file __main.s
   Uses
      At line 12 in file __main.s
Comment: InitGPIO used once
OutStr 00000000

Symbol: OutStr
   Definitions
      At line 3 in file __main.s
   Uses
      None
Comment: OutStr unused
SignalSend 00000000

Symbol: SignalSend
   Definitions
      At line 5 in file __main.s
   Uses
      At line 15 in file __main.s
Comment: SignalSend used once
delay 00000000

Symbol: delay
   Definitions
      At line 7 in file __main.s
   Uses
      None
Comment: delay unused
6 symbols
343 symbols in table
