


ARM Macro Assembler    Page 1 


    1 00000000 400053FC 
                       GPIO_PORTB_DATA
                               EQU              0x400053FC
    2 00000000 40005400 
                       GPIO_PORTB_DIR
                               EQU              0x40005400
    3 00000000 40005420 
                       GPIO_PORTB_AFSEL
                               EQU              0x40005420
    4 00000000 4000551C 
                       GPIO_PORTB_DEN
                               EQU              0x4000551C
    5 00000000 40005510 
                       GPIO_PORTB_PUR
                               EQU              0x40005510
    6 00000000 40005514 
                       GPIO_PORTB_PDR
                               EQU              0x40005514
    7 00000000 0000000F 
                       IOB     EQU              0x0F
    8 00000000 400FE608 
                       SYSCTL_RCGCGPIO
                               EQU              0x400FE608
    9 00000000 40005404 
                       GPIO_PORTB_IS
                               EQU              0x40005404
   10 00000000 40005408 
                       GPIO_PORTB_IBE
                               EQU              0x40005408
   11 00000000 4000540C 
                       GPIO_PORTB_IEV
                               EQU              0x4000540C
   12 00000000 40005410 
                       GPIO_PORTB_IM
                               EQU              0x40005410
   13 00000000 4000541C 
                       GPIO_PORTB_ICR
                               EQU              0x4000541C
   14 00000000 40005414 
                       GPIO_PORTB_RIS
                               EQU              0x40005414
   15 00000000         
   16 00000000         
   17 00000000         ;*******************************************************
                       ********
   18 00000000         ; Program section           
   19 00000000         ;*******************************************************
                       ********
   20 00000000         ;LABEL  DIRECTIVE VALUE  COMMENT
   21 00000000         ;LABEL DIRECTIVE VALUE COMMENT
   22 00000000                 AREA             rutins , CODE, READONLY
   23 00000000                 THUMB
   24 00000000                 EXPORT           InitGPIO    ;
   25 00000000         InitGPIO
                               PROC
   26 00000000 4911            LDR              R1 , =SYSCTL_RCGCGPIO
   27 00000002 6808            LDR              R0 , [ R1 ]
   28 00000004 F040 0002       ORR              R0 , R0 , #0x2 ;Port B clock en
                                                            abled



ARM Macro Assembler    Page 2 


   29 00000008 6008            STR              R0 , [ R1 ]
   30 0000000A BF00            NOP                          ;Wait for clock to 
                                                            stabilize
   31 0000000C BF00            NOP
   32 0000000E BF00            NOP
   33 00000010 490E            LDR              R1 , =GPIO_PORTB_DIR ; Config o
                                                            f Port B starts
   34 00000012 6808            LDR              R0 , [ R1 ]
   35 00000014 F020 00FF       BIC              R0 , #0xFF
   36 00000018 F040 000F       ORR              R0 , #IOB
   37 0000001C 6008            STR              R0 , [ R1 ]
   38 0000001E 490C            LDR              R1 , =GPIO_PORTB_AFSEL
   39 00000020 6808            LDR              R0 , [ R1 ]
   40 00000022 F020 00FF       BIC              R0 , #0xFF
   41 00000026 6008            STR              R0 , [ R1 ]
   42 00000028 490A            LDR              R1 , =GPIO_PORTB_DEN
   43 0000002A 6808            LDR              R0 , [ R1 ]
   44 0000002C F040 00FF       ORR              R0 , #0xFF
   45 00000030 6008            STR              R0 , [ R1 ]
   46 00000032 4909            LDR              R1 , =GPIO_PORTB_PUR
   47 00000034 6808            LDR              R0 , [ R1 ]
   48 00000036 F040 00F0       ORR              R0 , #0xF0
   49 0000003A 6008            STR              R0 , [ R1 ]
   50 0000003C         
   51 0000003C         ;   LDR R1, =GPIO_PORTB_IS
   52 0000003C         ;   LDR R2, =GPIO_PORTB_IBE
   53 0000003C         ;   LDR R3, =GPIO_PORTB_IEV
   54 0000003C         ;   LDR R4, =GPIO_PORTB_IM
   55 0000003C         ;   LDR R5, =GPIO_PORTB_ICR
   56 0000003C         ;   MOV R0, #0x00
   57 0000003C         ;   STR R0, [R1]
   58 0000003C         ;   STR R0, [R2]
   59 0000003C         ;   STR R0, [R3]
   60 0000003C         ;   MOV R0, #0xF0
   61 0000003C         ;   STR R0, [R4]
   62 0000003C         ;   STR R0, [R5] 
   63 0000003C 4907            LDR              R1 , =GPIO_PORTB_DATA
   64 0000003E F04F 0000       MOV              R0, #0x0
   65 00000042 6008            STR              R0, [R1]
   66 00000044 4770            BX               LR          ; end
   67 00000046         
   68 00000046 00 00           ALIGN
   69 00000048                 ENDP
   70 00000048                 END
              400FE608 
              40005400 
              40005420 
              4000551C 
              40005510 
              400053FC 
Command Line: --debug --xref --diag_suppress=9931 --cpu=Cortex-M4.fp --apcs=int
erwork --depend=.\objects\gpio_init.d -o.\objects\gpio_init.o -I.\RTE\_Target_1
 -IC:\Keil_v5\ARM\PACK\Keil\TM4C_DFP\1.1.0\Device\Include\TM4C123 -IC:\Keil_v5\
ARM\CMSIS\Include --predefine="__EVAL SETA 1" --predefine="__UVISION_VERSION SE
TA 526" --predefine="TM4C123GH6PM SETA 1" --list=.\listings\gpio_init.lst GPIO_
Init.s



ARM Macro Assembler    Page 1 Alphabetic symbol ordering
Relocatable symbols

InitGPIO 00000000

Symbol: InitGPIO
   Definitions
      At line 25 in file GPIO_Init.s
   Uses
      At line 24 in file GPIO_Init.s
Comment: InitGPIO used once
rutins 00000000

Symbol: rutins
   Definitions
      At line 22 in file GPIO_Init.s
   Uses
      None
Comment: rutins unused
2 symbols



ARM Macro Assembler    Page 1 Alphabetic symbol ordering
Absolute symbols

GPIO_PORTB_AFSEL 40005420

Symbol: GPIO_PORTB_AFSEL
   Definitions
      At line 3 in file GPIO_Init.s
   Uses
      At line 38 in file GPIO_Init.s
Comment: GPIO_PORTB_AFSEL used once
GPIO_PORTB_DATA 400053FC

Symbol: GPIO_PORTB_DATA
   Definitions
      At line 1 in file GPIO_Init.s
   Uses
      At line 63 in file GPIO_Init.s
Comment: GPIO_PORTB_DATA used once
GPIO_PORTB_DEN 4000551C

Symbol: GPIO_PORTB_DEN
   Definitions
      At line 4 in file GPIO_Init.s
   Uses
      At line 42 in file GPIO_Init.s
Comment: GPIO_PORTB_DEN used once
GPIO_PORTB_DIR 40005400

Symbol: GPIO_PORTB_DIR
   Definitions
      At line 2 in file GPIO_Init.s
   Uses
      At line 33 in file GPIO_Init.s
Comment: GPIO_PORTB_DIR used once
GPIO_PORTB_IBE 40005408

Symbol: GPIO_PORTB_IBE
   Definitions
      At line 10 in file GPIO_Init.s
   Uses
      None
Comment: GPIO_PORTB_IBE unused
GPIO_PORTB_ICR 4000541C

Symbol: GPIO_PORTB_ICR
   Definitions
      At line 13 in file GPIO_Init.s
   Uses
      None
Comment: GPIO_PORTB_ICR unused
GPIO_PORTB_IEV 4000540C

Symbol: GPIO_PORTB_IEV
   Definitions
      At line 11 in file GPIO_Init.s
   Uses
      None
Comment: GPIO_PORTB_IEV unused
GPIO_PORTB_IM 40005410

Symbol: GPIO_PORTB_IM



ARM Macro Assembler    Page 2 Alphabetic symbol ordering
Absolute symbols

   Definitions
      At line 12 in file GPIO_Init.s
   Uses
      None
Comment: GPIO_PORTB_IM unused
GPIO_PORTB_IS 40005404

Symbol: GPIO_PORTB_IS
   Definitions
      At line 9 in file GPIO_Init.s
   Uses
      None
Comment: GPIO_PORTB_IS unused
GPIO_PORTB_PDR 40005514

Symbol: GPIO_PORTB_PDR
   Definitions
      At line 6 in file GPIO_Init.s
   Uses
      None
Comment: GPIO_PORTB_PDR unused
GPIO_PORTB_PUR 40005510

Symbol: GPIO_PORTB_PUR
   Definitions
      At line 5 in file GPIO_Init.s
   Uses
      At line 46 in file GPIO_Init.s
Comment: GPIO_PORTB_PUR used once
GPIO_PORTB_RIS 40005414

Symbol: GPIO_PORTB_RIS
   Definitions
      At line 14 in file GPIO_Init.s
   Uses
      None
Comment: GPIO_PORTB_RIS unused
IOB 0000000F

Symbol: IOB
   Definitions
      At line 7 in file GPIO_Init.s
   Uses
      At line 36 in file GPIO_Init.s
Comment: IOB used once
SYSCTL_RCGCGPIO 400FE608

Symbol: SYSCTL_RCGCGPIO
   Definitions
      At line 8 in file GPIO_Init.s
   Uses
      At line 26 in file GPIO_Init.s
Comment: SYSCTL_RCGCGPIO used once
14 symbols
352 symbols in table
