


ARM Macro Assembler    Page 1 


    1 00000000         ; ADC Registers
    2 00000000 400FE638 
                       RCGCADC EQU              0x400FE638  ; ADC clock registe
                                                            r
    3 00000000         ;ADC0 base address EQU 0x40038000
    4 00000000 40038000 
                       ADC0_ACTSS
                               EQU              0x40038000  ; Sample sequencer 
                                                            (ADC0 base address)
                                                            
    5 00000000 40038004 
                       ADC0_RIS
                               EQU              0x40038004  ; Interrupt status
    6 00000000 40038008 
                       ADC0_IM EQU              0x40038008  ; Interrupt select
    7 00000000 40038014 
                       ADC0_EMUX
                               EQU              0x40038014  ; Trigger select
    8 00000000 40038028 
                       ADC0_PSSI
                               EQU              0x40038028  ; Initiate sample
    9 00000000 400380A0 
                       ADC0_SSMUX3
                               EQU              0x400380A0  ; Input channel sel
                                                            ect
   10 00000000 400380A4 
                       ADC0_SSCTL3
                               EQU              0x400380A4  ; Sample sequence c
                                                            ontrol
   11 00000000 400380A8 
                       ADC0_SSFIFO3
                               EQU              0x400380A8  ; Channel 3 results
                                                            
   12 00000000 40038FC4 
                       ADC0_PP EQU              0x40038FC4  ; Sample rate
   13 00000000         ; GPIO Registers
   14 00000000 400FE608 
                       RCGCGPIO
                               EQU              0x400FE608  ; GPIO clock regist
                                                            er
   15 00000000         ;PORT E base address EQU 0x40024000
   16 00000000 4002451C 
                       PORTE_DEN
                               EQU              0x4002451C  ; Digital Enable
   17 00000000 4002452C 
                       PORTE_PCTL
                               EQU              0x4002452C  ; Alternate functio
                                                            n select
   18 00000000 40024420 
                       PORTE_AFSEL
                               EQU              0x40024420  ; Enable Alt functi
                                                            ons
   19 00000000 40024528 
                       PORTE_AMSEL
                               EQU              0x40024528  ; Enable analog
   20 00000000 40024400 
                       PORTE_DIR
                               EQU              0x40024400  ;Set direction
   21 00000000         



ARM Macro Assembler    Page 2 


   22 00000000                 AREA             routines, CODE, READONLY
   23 00000000                 THUMB
   24 00000000                 EXPORT           Initialize
   25 00000000         
   26 00000000         ;EXTERN OutChar
   27 00000000         Initialize
                               PROC
   28 00000000         
   29 00000000         ; Start clocks for features to be used
   30 00000000 4921            LDR              R1, =RCGCADC 
                                                            ; Turn on ADC clock
                                                            
   31 00000002 6808            LDR              R0, [R1]
   32 00000004 F040 0001       ORR              R0, R0, #0x01 ; set bit 0 to en
                                                            able ADC0 clock
   33 00000008 6008            STR              R0, [R1]
   34 0000000A BF00            NOP
   35 0000000C BF00            NOP
   36 0000000E BF00            NOP                          ; Let clock stabili
                                                            ze
   37 00000010 491E            LDR              R1, =RCGCGPIO ; Turn on GPIO cl
                                                            ock
   38 00000012 6808            LDR              R0, [R1]
   39 00000014 F040 0010       ORR              R0, R0, #0x10 ; set bit 4 to en
                                                            able port E clock
   40 00000018 6008            STR              R0, [R1]
   41 0000001A BF00            NOP
   42 0000001C BF00            NOP
   43 0000001E BF00            NOP                          ; Let clock stabili
                                                            ze
   44 00000020         ; Setup GPIO to make PE3 input for ADC0
   45 00000020         ; Enable alternate functions
   46 00000020 491B            LDR              R1, =PORTE_AFSEL
   47 00000022 6808            LDR              R0, [R1]
   48 00000024 F040 0008       ORR              R0, R0, #0x08 ; set bit 3 to en
                                                            able alt functions 
                                                            on PE3
   49 00000028 6008            STR              R0, [R1]
   50 0000002A         
   51 0000002A         
   52 0000002A 491A            LDR              R1, =PORTE_DIR
   53 0000002C 6808            LDR              R0, [R1]
   54 0000002E F020 0008       BIC              R0, R0, #0x08 ; set bit 3 to in
                                                            put for PE3
   55 00000032 6008            STR              R0, [R1]
   56 00000034         ; PCTL does not have to be configured
   57 00000034         ; since ADC0 is automatically selected when
   58 00000034         ; port pin is set to analog.
   59 00000034         ; Disable digital on PE3
   60 00000034 4918            LDR              R1, =PORTE_DEN
   61 00000036 6808            LDR              R0, [R1]
   62 00000038 F020 0008       BIC              R0, R0, #0x08 ; clear bit 3 to 
                                                            disable analog on P
                                                            E3
   63 0000003C 6008            STR              R0, [R1]
   64 0000003E         ; Enable analog on PE3
   65 0000003E 4917            LDR              R1, =PORTE_AMSEL
   66 00000040 6808            LDR              R0, [R1]
   67 00000042 F040 0008       ORR              R0, R0, #0x08 ; set bit 3 to en



ARM Macro Assembler    Page 3 


                                                            able analog on PE3
   68 00000046 6008            STR              R0, [R1]
   69 00000048         ; Disable sequencer while ADC setup
   70 00000048 4915            LDR              R1, =ADC0_ACTSS
   71 0000004A 6808            LDR              R0, [R1]
   72 0000004C F020 0008       BIC              R0, R0, #0x08 ; clear bit 3 to 
                                                            disable seq 3
   73 00000050 6008            STR              R0, [R1]
   74 00000052         ; Select trigger source
   75 00000052 4914            LDR              R1, =ADC0_EMUX
   76 00000054 6808            LDR              R0, [R1]
   77 00000056 F420 4070       BIC              R0, R0, #0xF000 ; clear bits 15
                                                            :12 to select SOFTW
                                                            ARE
   78 0000005A 6008            STR              R0, [R1]    ; trigger
   79 0000005C         ; Select input channel
   80 0000005C 4912            LDR              R1, =ADC0_SSMUX3
   81 0000005E 6808            LDR              R0, [R1]
   82 00000060 F020 000F       BIC              R0, R0, #0x000F ; clear bits 3:
                                                            0 to select AIN0
   83 00000064 6008            STR              R0, [R1]
   84 00000066         ; Config sample sequence
   85 00000066 4911            LDR              R1, =ADC0_SSCTL3
   86 00000068 6808            LDR              R0, [R1]
   87 0000006A F040 0006       ORR              R0, R0, #0x06 ; set bits 2:1 (I
                                                            E0, END0)
   88 0000006E 6008            STR              R0, [R1]
   89 00000070         ; Set sample rate
   90 00000070 490F            LDR              R1, =ADC0_PP
   91 00000072 6808            LDR              R0, [R1]
   92 00000074 F040 0001       ORR              R0, R0, #0x01 ; set bits 3:0 to
                                                             1 for 125k sps
   93 00000078 6008            STR              R0, [R1]
   94 0000007A         ; Done with setup, enable sequencer
   95 0000007A 4909            LDR              R1, =ADC0_ACTSS
   96 0000007C 6808            LDR              R0, [R1]
   97 0000007E F040 0008       ORR              R0, R0, #0x08 ; set bit 3 to en
                                                            able seq 3
   98 00000082 6008            STR              R0, [R1]    ; sampling enabled 
                                                            but not initiated y
                                                            et
   99 00000084 4770            BX               LR          ;
  100 00000086                 ENDP
  101 00000086                 END
              00 00 400FE638 
              400FE608 
              40024420 
              40024400 
              4002451C 
              40024528 
              40038000 
              40038014 
              400380A0 
              400380A4 
              40038FC4 
Command Line: --debug --xref --diag_suppress=9931 --cpu=Cortex-M4.fp --apcs=int
erwork --depend=.\objects\init.d -o.\objects\init.o -I.\RTE\_Target_1 -IC:\Keil
_v5\ARM\PACK\Keil\TM4C_DFP\1.1.0\Device\Include\TM4C123 -IC:\Keil_v5\ARM\CMSIS\
Include --predefine="__EVAL SETA 1" --predefine="__UVISION_VERSION SETA 526" --



ARM Macro Assembler    Page 4 


predefine="TM4C123GH6PM SETA 1" --list=.\listings\init.lst Init.s



ARM Macro Assembler    Page 1 Alphabetic symbol ordering
Relocatable symbols

Initialize 00000000

Symbol: Initialize
   Definitions
      At line 27 in file Init.s
   Uses
      At line 24 in file Init.s
Comment: Initialize used once
routines 00000000

Symbol: routines
   Definitions
      At line 22 in file Init.s
   Uses
      None
Comment: routines unused
2 symbols



ARM Macro Assembler    Page 1 Alphabetic symbol ordering
Absolute symbols

ADC0_ACTSS 40038000

Symbol: ADC0_ACTSS
   Definitions
      At line 4 in file Init.s
   Uses
      At line 70 in file Init.s
      At line 95 in file Init.s

ADC0_EMUX 40038014

Symbol: ADC0_EMUX
   Definitions
      At line 7 in file Init.s
   Uses
      At line 75 in file Init.s
Comment: ADC0_EMUX used once
ADC0_IM 40038008

Symbol: ADC0_IM
   Definitions
      At line 6 in file Init.s
   Uses
      None
Comment: ADC0_IM unused
ADC0_PP 40038FC4

Symbol: ADC0_PP
   Definitions
      At line 12 in file Init.s
   Uses
      At line 90 in file Init.s
Comment: ADC0_PP used once
ADC0_PSSI 40038028

Symbol: ADC0_PSSI
   Definitions
      At line 8 in file Init.s
   Uses
      None
Comment: ADC0_PSSI unused
ADC0_RIS 40038004

Symbol: ADC0_RIS
   Definitions
      At line 5 in file Init.s
   Uses
      None
Comment: ADC0_RIS unused
ADC0_SSCTL3 400380A4

Symbol: ADC0_SSCTL3
   Definitions
      At line 10 in file Init.s
   Uses
      At line 85 in file Init.s
Comment: ADC0_SSCTL3 used once
ADC0_SSFIFO3 400380A8




ARM Macro Assembler    Page 2 Alphabetic symbol ordering
Absolute symbols

Symbol: ADC0_SSFIFO3
   Definitions
      At line 11 in file Init.s
   Uses
      None
Comment: ADC0_SSFIFO3 unused
ADC0_SSMUX3 400380A0

Symbol: ADC0_SSMUX3
   Definitions
      At line 9 in file Init.s
   Uses
      At line 80 in file Init.s
Comment: ADC0_SSMUX3 used once
PORTE_AFSEL 40024420

Symbol: PORTE_AFSEL
   Definitions
      At line 18 in file Init.s
   Uses
      At line 46 in file Init.s
Comment: PORTE_AFSEL used once
PORTE_AMSEL 40024528

Symbol: PORTE_AMSEL
   Definitions
      At line 19 in file Init.s
   Uses
      At line 65 in file Init.s
Comment: PORTE_AMSEL used once
PORTE_DEN 4002451C

Symbol: PORTE_DEN
   Definitions
      At line 16 in file Init.s
   Uses
      At line 60 in file Init.s
Comment: PORTE_DEN used once
PORTE_DIR 40024400

Symbol: PORTE_DIR
   Definitions
      At line 20 in file Init.s
   Uses
      At line 52 in file Init.s
Comment: PORTE_DIR used once
PORTE_PCTL 4002452C

Symbol: PORTE_PCTL
   Definitions
      At line 17 in file Init.s
   Uses
      None
Comment: PORTE_PCTL unused
RCGCADC 400FE638

Symbol: RCGCADC
   Definitions
      At line 2 in file Init.s



ARM Macro Assembler    Page 3 Alphabetic symbol ordering
Absolute symbols

   Uses
      At line 30 in file Init.s
Comment: RCGCADC used once
RCGCGPIO 400FE608

Symbol: RCGCGPIO
   Definitions
      At line 14 in file Init.s
   Uses
      At line 37 in file Init.s
Comment: RCGCGPIO used once
16 symbols
354 symbols in table
