


ARM Macro Assembler    Page 1 


    1 00000000         
    2 00000000 20000400 
                       FIRST   EQU              0x20000400
    3 00000000                 AREA             main, CODE, READONLY
    4 00000000                 THUMB
    5 00000000                 EXTERN           CONVRT
    6 00000000                 IMPORT           InChar
    7 00000000                 EXTERN           OutStr
    8 00000000                 IMPORT           UPBND
    9 00000000                 EXPORT           __main
   10 00000000         __main
   11 00000000 F04F 0000 
                       start   MOV              R0, #0      ;to store n value
   12 00000004 F04F 010A       MOV              R1, #10     ;to take 2 digit de
                                                            cimal number
   13 00000008 F7FF FFFE       BL               InChar      ;take 2nd digit of 
                                                            the number
   14 0000000C F1A5 0530       SUB              R5, #0x30   ;to take string as 
                                                            number, eliminate o
                                                            ffset
   15 00000010 4428            ADD              R0, R5      ;add number to r0
   16 00000012 FB00 F001       MUL              R0, R1      ;multiply with 10 s
                                                            ince 2nd digit of n
                                                            umber
   17 00000016 F7FF FFFE       BL               InChar      ;take 1st digit of 
                                                            the number
   18 0000001A F1A5 0530       SUB              R5, #0x30   ;to take string as 
                                                            number, eliminate o
                                                            ffset
   19 0000001E 4428            ADD              R0, R5      ;add to 2nd digit
   20 00000020 F04F 0200       LDR              R2, =0x00   ;lower boundary
   21 00000024 F04F 0301       LDR              R3, =0x01   ;upper boundary
   22 00000028 FA03 F300       LSL              R3, R0      ;upper boundary = 2
                                                            ^n, shift r3 wrt n(
                                                            input)  
   23 0000002C         findingNumber
   24 0000002C EB03 0402       ADD              R4, R3, R2  ;= upper + lower bo
                                                            undaries
   25 00000030 EA4F 0454       LSR              R4, #0x1    ;divide sum with 2 
                                                            to obtain middle va
                                                            lue
   26 00000034 4D06            LDR              R5, =FIRST  ;load address to r5
                                                            
   27 00000036 F7FF FFFE       BL               CONVRT      ;convert number to 
                                                            decimal
   28 0000003A 4D05            LDR              R5, =FIRST  ;load address to r5
                                                            
   29 0000003C F7FF FFFE       BL               OutStr      ;write number to po
                                                            rt
   30 00000040 F7FF FFFE       BL               InChar      ;U(up) and D(down) 
                                                            or C(correct)
   31 00000044 2D43            CMP              R5, #0x43   ;if correct, start 
                                                            beginning again
   32 00000046 D0DB            BEQ              start       ;go to start
   33 00000048 F7FF FFFE       BL               UPBND       ;if not correct, de
                                                            termine new boundar
                                                            ies
   34 0000004C E7EE            B                findingNumber 
                                                            ;go to find number 



ARM Macro Assembler    Page 2 


                                                            
   35 0000004E 00 00           ALIGN
   36 00000050                 END
              20000400 
Command Line: --debug --xref --diag_suppress=9931 --cpu=Cortex-M4.fp --apcs=int
erwork --depend=.\objects\__main.d -o.\objects\__main.o -I.\RTE\_Target_1 -IC:\
Keil_v5\ARM\PACK\Keil\TM4C_DFP\1.1.0\Device\Include\TM4C123 -IC:\Keil_v5\ARM\CM
SIS\Include --predefine="__EVAL SETA 1" --predefine="__UVISION_VERSION SETA 526
" --predefine="TM4C123GH6PM SETA 1" --list=.\listings\__main.lst __main.s



ARM Macro Assembler    Page 1 Alphabetic symbol ordering
Relocatable symbols

__main 00000000

Symbol: __main
   Definitions
      At line 10 in file __main.s
   Uses
      At line 9 in file __main.s
Comment: __main used once
findingNumber 0000002C

Symbol: findingNumber
   Definitions
      At line 23 in file __main.s
   Uses
      At line 34 in file __main.s
Comment: findingNumber used once
main 00000000

Symbol: main
   Definitions
      At line 3 in file __main.s
   Uses
      None
Comment: main unused
start 00000000

Symbol: start
   Definitions
      At line 11 in file __main.s
   Uses
      At line 32 in file __main.s
Comment: start used once
4 symbols



ARM Macro Assembler    Page 1 Alphabetic symbol ordering
Absolute symbols

FIRST 20000400

Symbol: FIRST
   Definitions
      At line 2 in file __main.s
   Uses
      At line 26 in file __main.s
      At line 28 in file __main.s

1 symbol



ARM Macro Assembler    Page 1 Alphabetic symbol ordering
External symbols

CONVRT 00000000

Symbol: CONVRT
   Definitions
      At line 5 in file __main.s
   Uses
      At line 27 in file __main.s
Comment: CONVRT used once
InChar 00000000

Symbol: InChar
   Definitions
      At line 6 in file __main.s
   Uses
      At line 13 in file __main.s
      At line 17 in file __main.s
      At line 30 in file __main.s

OutStr 00000000

Symbol: OutStr
   Definitions
      At line 7 in file __main.s
   Uses
      At line 29 in file __main.s
Comment: OutStr used once
UPBND 00000000

Symbol: UPBND
   Definitions
      At line 8 in file __main.s
   Uses
      At line 33 in file __main.s
Comment: UPBND used once
4 symbols
345 symbols in table
