


ARM Macro Assembler    Page 1 


    1 00000000 400053FC 
                       GPIO_PORTB_DATA
                               EQU              0x400053FC
    2 00000000 40005400 
                       GPIO_PORTB_DIR
                               EQU              0x40005400
    3 00000000 40005420 
                       GPIO_PORTB_AFSEL
                               EQU              0x40005420
    4 00000000 4000551C 
                       GPIO_PORTB_DEN
                               EQU              0x4000551C
    5 00000000 40005510 
                       GPIO_PORTB_PUR
                               EQU              0x40005510
    6 00000000 40005514 
                       GPIO_PORTB_PDR
                               EQU              0x40005514
    7 00000000 0000000F 
                       IOB     EQU              0x0F
    8 00000000 400FE608 
                       SYSCTL_RCGCGPIO
                               EQU              0x400FE608
    9 00000000         ;*******************************************************
                       ********
   10 00000000         ; Program section           
   11 00000000         ;*******************************************************
                       ********
   12 00000000         ;LABEL  DIRECTIVE VALUE  COMMENT
   13 00000000         ;LABEL DIRECTIVE VALUE COMMENT
   14 00000000                 AREA             rutins , CODE, READONLY
   15 00000000                 THUMB
   16 00000000                 EXPORT           InitGPIO    ;
   17 00000000         InitGPIO
                               PROC
   18 00000000 490F            LDR              R1 , =SYSCTL_RCGCGPIO
   19 00000002 6808            LDR              R0 , [ R1 ]
   20 00000004 F040 0002       ORR              R0 , R0 , #0x2 ;Port B clock en
                                                            abled
   21 00000008 6008            STR              R0 , [ R1 ]
   22 0000000A BF00            NOP                          ;Wait for clock to 
                                                            stabilize
   23 0000000C BF00            NOP
   24 0000000E BF00            NOP
   25 00000010 490C            LDR              R1 , =GPIO_PORTB_DIR ; Config o
                                                            f Port B starts
   26 00000012 6808            LDR              R0 , [ R1 ]
   27 00000014 F020 00FF       BIC              R0 , #0xFF
   28 00000018 F040 000F       ORR              R0 , #IOB   ;00001111 1->output
                                                            
   29 0000001C 6008            STR              R0 , [ R1 ]
   30 0000001E 490A            LDR              R1 , =GPIO_PORTB_AFSEL
   31 00000020 6808            LDR              R0 , [ R1 ]
   32 00000022 F020 00FF       BIC              R0 , #0xFF
   33 00000026 6008            STR              R0 , [ R1 ]
   34 00000028 4908            LDR              R1 , =GPIO_PORTB_DEN
   35 0000002A 6808            LDR              R0 , [ R1 ]
   36 0000002C F040 00FF       ORR              R0 , #0xFF
   37 00000030 6008            STR              R0 , [ R1 ]



ARM Macro Assembler    Page 2 


   38 00000032 4907            LDR              R1 , =GPIO_PORTB_PUR
   39 00000034 6808            LDR              R0 , [ R1 ]
   40 00000036 F040 00F0       ORR              R0 , #0xF0
   41 0000003A 6008            STR              R0 , [ R1 ]
   42 0000003C         
   43 0000003C 4770            BX               LR          ; end
   44 0000003E         
   45 0000003E         ;*******************************************************
                       ********
   46 0000003E         ; End of the program  section
   47 0000003E         ;*******************************************************
                       ********
   48 0000003E         ;LABEL      DIRECTIVE       VALUE                       
                           COMMENT
   49 0000003E 00 00           ALIGN
   50 00000040                 ENDP
   51 00000040                 END
              400FE608 
              40005400 
              40005420 
              4000551C 
              40005510 
Command Line: --debug --xref --diag_suppress=9931 --cpu=Cortex-M4.fp --apcs=int
erwork --depend=.\objects\gpio_init.d -o.\objects\gpio_init.o -I"C:\Users\Furka
n\Google Drive\Ders Kitaplarý-Notlar\4. Sýnýf\EE447\LAB\Exp5\Q1\RTE" -IC:\Keil_
v5\ARM\PACK\Keil\TM4C_DFP\1.1.0\Device\Include\TM4C123 -IC:\Keil_v5\ARM\CMSIS\I
nclude --predefine="__EVAL SETA 1" --predefine="__UVISION_VERSION SETA 521" --p
redefine="TM4C123GH6PM SETA 1" --list=.\listings\gpio_init.lst GPIO_Init.s



ARM Macro Assembler    Page 1 Alphabetic symbol ordering
Relocatable symbols

InitGPIO 00000000

Symbol: InitGPIO
   Definitions
      At line 17 in file GPIO_Init.s
   Uses
      At line 16 in file GPIO_Init.s
Comment: InitGPIO used once
rutins 00000000

Symbol: rutins
   Definitions
      At line 14 in file GPIO_Init.s
   Uses
      None
Comment: rutins unused
2 symbols



ARM Macro Assembler    Page 1 Alphabetic symbol ordering
Absolute symbols

GPIO_PORTB_AFSEL 40005420

Symbol: GPIO_PORTB_AFSEL
   Definitions
      At line 3 in file GPIO_Init.s
   Uses
      At line 30 in file GPIO_Init.s
Comment: GPIO_PORTB_AFSEL used once
GPIO_PORTB_DATA 400053FC

Symbol: GPIO_PORTB_DATA
   Definitions
      At line 1 in file GPIO_Init.s
   Uses
      None
Comment: GPIO_PORTB_DATA unused
GPIO_PORTB_DEN 4000551C

Symbol: GPIO_PORTB_DEN
   Definitions
      At line 4 in file GPIO_Init.s
   Uses
      At line 34 in file GPIO_Init.s
Comment: GPIO_PORTB_DEN used once
GPIO_PORTB_DIR 40005400

Symbol: GPIO_PORTB_DIR
   Definitions
      At line 2 in file GPIO_Init.s
   Uses
      At line 25 in file GPIO_Init.s
Comment: GPIO_PORTB_DIR used once
GPIO_PORTB_PDR 40005514

Symbol: GPIO_PORTB_PDR
   Definitions
      At line 6 in file GPIO_Init.s
   Uses
      None
Comment: GPIO_PORTB_PDR unused
GPIO_PORTB_PUR 40005510

Symbol: GPIO_PORTB_PUR
   Definitions
      At line 5 in file GPIO_Init.s
   Uses
      At line 38 in file GPIO_Init.s
Comment: GPIO_PORTB_PUR used once
IOB 0000000F

Symbol: IOB
   Definitions
      At line 7 in file GPIO_Init.s
   Uses
      At line 28 in file GPIO_Init.s
Comment: IOB used once
SYSCTL_RCGCGPIO 400FE608

Symbol: SYSCTL_RCGCGPIO



ARM Macro Assembler    Page 2 Alphabetic symbol ordering
Absolute symbols

   Definitions
      At line 8 in file GPIO_Init.s
   Uses
      At line 18 in file GPIO_Init.s
Comment: SYSCTL_RCGCGPIO used once
8 symbols
346 symbols in table
