


ARM Macro Assembler    Page 1 


    1 00000000         
    2 00000000         ;LABEL  DIRECTIVE VALUE  COMMENT
    3 00000000                 AREA             main, READONLY, CODE
    4 00000000                 THUMB
    5 00000000                 EXTERN           SignalSend  ; GPIO signal send
    6 00000000                 EXTERN           InitGPIO    ; GPIO initialize
    7 00000000                 EXTERN           delay       ; Delay is availabl
                                                            e
    8 00000000                 EXTERN           CheckInput  ; Input Check is av
                                                            ailable
    9 00000000                 EXPORT           __main      ; Make available
   10 00000000         
   11 00000000         __main
   12 00000000 F7FF FFFE       BL               InitGPIO    ; GPIO initialized
   13 00000004 F04F 0301       MOV              R3, #1      ;
   14 00000008 F04F 0600       MOV              R6, #0      ;
   15 0000000C F7FF FFFE       BL               SignalSend  ;
   16 00000010 F7FF FFFE 
                       Begin   BL               CheckInput  ;
   17 00000014 2A00            CMP              R2, #0
   18 00000016 D0FB            BEQ              Begin       ;
   19 00000018 2A01            CMP              R2, #1
   20 0000001A D002            BEQ              CW
   21 0000001C 2A02            CMP              R2, #2
   22 0000001E D00A            BEQ              CCW
   23 00000020 E7F6            B                Begin
   24 00000022 F003 030F 
                       CW      AND              R3,R3,#15   ;
   25 00000026 2B01            CMP              R3,#1
   26 00000028 BF0C 2308       MOVEQ            R3,#8       ;
   27 0000002C 085B            LSRNE            R3,R3,#1    ;
   28 0000002E 461E            MOV              R6,R3       ;
   29 00000030 F7FF FFFE       BL               SignalSend  ;
   30 00000034 E7EC            B                Begin       ;
   31 00000036 F003 030F 
                       CCW     AND              R3,R3,#15   ;
   32 0000003A 2B08            CMP              R3,#8
   33 0000003C BF0C 2301       MOVEQ            R3,#1       ;
   34 00000040 005B            LSLNE            R3,R3,#1    ;
   35 00000042 461E            MOV              R6,R3       ;
   36 00000044 F7FF FFFE       BL               SignalSend  ;
   37 00000048 E7E2            B                Begin       ;
   38 0000004A 00 00           ALIGN
   39 0000004C                 END
Command Line: --debug --xref --diag_suppress=9931 --cpu=Cortex-M4.fp --apcs=int
erwork --depend=.\objects\__main.d -o.\objects\__main.o -I.\RTE\_Target_1 -IC:\
Keil_v5\ARM\PACK\Keil\TM4C_DFP\1.1.0\Device\Include\TM4C123 -IC:\Keil_v5\ARM\CM
SIS\Include --predefine="__EVAL SETA 1" --predefine="__UVISION_VERSION SETA 526
" --predefine="TM4C123GH6PM SETA 1" --list=.\listings\__main.lst __main.s



ARM Macro Assembler    Page 1 Alphabetic symbol ordering
Relocatable symbols

Begin 00000010

Symbol: Begin
   Definitions
      At line 16 in file __main.s
   Uses
      At line 18 in file __main.s
      At line 23 in file __main.s
      At line 30 in file __main.s
      At line 37 in file __main.s

CCW 00000036

Symbol: CCW
   Definitions
      At line 31 in file __main.s
   Uses
      At line 22 in file __main.s
Comment: CCW used once
CW 00000022

Symbol: CW
   Definitions
      At line 24 in file __main.s
   Uses
      At line 20 in file __main.s
Comment: CW used once
__main 00000000

Symbol: __main
   Definitions
      At line 11 in file __main.s
   Uses
      At line 9 in file __main.s
Comment: __main used once
main 00000000

Symbol: main
   Definitions
      At line 3 in file __main.s
   Uses
      None
Comment: main unused
5 symbols



ARM Macro Assembler    Page 1 Alphabetic symbol ordering
External symbols

CheckInput 00000000

Symbol: CheckInput
   Definitions
      At line 8 in file __main.s
   Uses
      At line 16 in file __main.s
Comment: CheckInput used once
InitGPIO 00000000

Symbol: InitGPIO
   Definitions
      At line 6 in file __main.s
   Uses
      At line 12 in file __main.s
Comment: InitGPIO used once
SignalSend 00000000

Symbol: SignalSend
   Definitions
      At line 5 in file __main.s
   Uses
      At line 15 in file __main.s
      At line 29 in file __main.s
      At line 36 in file __main.s

delay 00000000

Symbol: delay
   Definitions
      At line 7 in file __main.s
   Uses
      None
Comment: delay unused
4 symbols
343 symbols in table
