


ARM Macro Assembler    Page 1 


    1 00000000 400053FC 
                       GPIO_PORTB_DATA
                               EQU              0x400053FC
    2 00000000                 AREA             rutins , CODE, READONLY
    3 00000000                 THUMB
    4 00000000                 EXPORT           SysTick_Handler
    5 00000000                 EXTERN           SignalSend  ;
    6 00000000                 EXTERN           delay       ;
    7 00000000                 EXTERN           inputcheck
    8 00000000         SysTick_Handler
                               PROC
    9 00000000 B500            PUSH             {LR}
   10 00000002 4920            LDR              R1,=GPIO_PORTB_DATA
   11 00000004         Check
   12 00000004 6808            LDR              R0,[R1]     ;Checks for any inp
                                                            ut
   13 00000006 EA4F 1010       LSR              R0,#4       ;
   14 0000000A 0840            LSRS             R0,#1       ;
   15 0000000C D306            BCC              Delay100
   16 0000000E 0840            LSRS             R0,#1       ;
   17 00000010 D304            BCC              Delay100
   18 00000012 0840            LSRS             R0,#1       ;
   19 00000014 D302            BCC              Delay100
   20 00000016 0840            LSRS             R0,#1       ;
   21 00000018 D300            BCC              Delay100
   22 0000001A E7F3            B                Check
   23 0000001C F247 1000 
              F2C0 0002 
                       Delay100
                               MOV32            R0,#160000  ;If any input is de
                                                            tected
   24 00000024 F7FF FFFE       BL               delay
   25 00000028 6808            LDR              R0,[R1]     ; Check Again
   26 0000002A EA4F 1010       LSR              R0,#4       ;
   27 0000002E 0840            LSRS             R0,#1       ;
   28 00000030 BF38 2501       MOVCC            R5,#1       ; 1 is the cw direc
                                                            tion PB4 pressed
   29 00000034 D304            BCC              Released    ; If input is detec
                                                            ted again wait for 
                                                            relase
   30 00000036 0840            LSRS             R0,#1       ;
   31 00000038 BF38 2502       MOVCC            R5,#2       ; 2 is the ccw dire
                                                            ction PB5 pressed
   32 0000003C D300            BCC              Released
   33 0000003E E7E1            B                Check       ; if no signal
   34 00000040         
   35 00000040         
   36 00000040 6808    Released
                               LDR              R0,[R1]     ; It checks for if 
                                                            the switch is open 
                                                            again
   37 00000042 EA4F 1010       LSR              R0,#4       ;
   38 00000046 0840            LSRS             R0,#1       ;
   39 00000048 D3FA            BCC              Released    ; If it is not open
                                                            
   40 0000004A 0840            LSRS             R0,#1       ;
   41 0000004C D3F8            BCC              Released    ;
   42 0000004E 2D01            CMP              R5, #1
   43 00000050 D004            BEQ              CW



ARM Macro Assembler    Page 2 


   44 00000052 2D02            CMP              R5, #2
   45 00000054 D00C            BEQ              CCW
   46 00000056         
   47 00000056 F85D EB04 
                       DONE    POP              {LR}
   48 0000005A 4770            BX               LR
   49 0000005C         
   50 0000005C F004 040F 
                       CW      AND              R4,R4,#15   ;
   51 00000060 2C01            CMP              R4,#1
   52 00000062 BF0C 2408       MOVEQ            R4,#8       ;
   53 00000066 0864            LSRNE            R4,R4,#1    ;
   54 00000068 4626            MOV              R6,R4       ;
   55 0000006A F7FF FFFE       BL               SignalSend
   56 0000006E E7F2            B                DONE        ; 
   57 00000070 F004 040F 
                       CCW     AND              R4,R4,#15   ;
   58 00000074 2C08            CMP              R4,#8
   59 00000076 BF0C 2401       MOVEQ            R4,#1       ;
   60 0000007A 0064            LSLNE            R4,R4,#1    ;
   61 0000007C 4626            MOV              R6,R4       ;
   62 0000007E F7FF FFFE       BL               SignalSend  ;
   63 00000082 E7E8            B                DONE        ;   
   64 00000084                 ALIGN
   65 00000084                 ENDP
   66 00000084                 END
              400053FC 
Command Line: --debug --xref --diag_suppress=9931 --cpu=Cortex-M4.fp --apcs=int
erwork --depend=.\objects\systick.d -o.\objects\systick.o -I.\RTE\_Target_1 -IC
:\Keil_v5\ARM\PACK\Keil\TM4C_DFP\1.1.0\Device\Include\TM4C123 -IC:\Keil_v5\ARM\
CMSIS\Include --predefine="__EVAL SETA 1" --predefine="__UVISION_VERSION SETA 5
26" --predefine="TM4C123GH6PM SETA 1" --list=.\listings\systick.lst systick.s



ARM Macro Assembler    Page 1 Alphabetic symbol ordering
Relocatable symbols

CCW 00000070

Symbol: CCW
   Definitions
      At line 57 in file systick.s
   Uses
      At line 45 in file systick.s
Comment: CCW used once
CW 0000005C

Symbol: CW
   Definitions
      At line 50 in file systick.s
   Uses
      At line 43 in file systick.s
Comment: CW used once
Check 00000004

Symbol: Check
   Definitions
      At line 11 in file systick.s
   Uses
      At line 22 in file systick.s
      At line 33 in file systick.s

DONE 00000056

Symbol: DONE
   Definitions
      At line 47 in file systick.s
   Uses
      At line 56 in file systick.s
      At line 63 in file systick.s

Delay100 0000001C

Symbol: Delay100
   Definitions
      At line 23 in file systick.s
   Uses
      At line 15 in file systick.s
      At line 17 in file systick.s
      At line 19 in file systick.s
      At line 21 in file systick.s

Released 00000040

Symbol: Released
   Definitions
      At line 36 in file systick.s
   Uses
      At line 29 in file systick.s
      At line 32 in file systick.s
      At line 39 in file systick.s
      At line 41 in file systick.s

SysTick_Handler 00000000

Symbol: SysTick_Handler



ARM Macro Assembler    Page 2 Alphabetic symbol ordering
Relocatable symbols

   Definitions
      At line 8 in file systick.s
   Uses
      At line 4 in file systick.s
Comment: SysTick_Handler used once
rutins 00000000

Symbol: rutins
   Definitions
      At line 2 in file systick.s
   Uses
      None
Comment: rutins unused
8 symbols



ARM Macro Assembler    Page 1 Alphabetic symbol ordering
Absolute symbols

GPIO_PORTB_DATA 400053FC

Symbol: GPIO_PORTB_DATA
   Definitions
      At line 1 in file systick.s
   Uses
      At line 10 in file systick.s
Comment: GPIO_PORTB_DATA used once
1 symbol



ARM Macro Assembler    Page 1 Alphabetic symbol ordering
External symbols

SignalSend 00000000

Symbol: SignalSend
   Definitions
      At line 5 in file systick.s
   Uses
      At line 55 in file systick.s
      At line 62 in file systick.s

delay 00000000

Symbol: delay
   Definitions
      At line 6 in file systick.s
   Uses
      At line 24 in file systick.s
Comment: delay used once
inputcheck 00000000

Symbol: inputcheck
   Definitions
      At line 7 in file systick.s
   Uses
      None
Comment: inputcheck unused
3 symbols
348 symbols in table
