


ARM Macro Assembler    Page 1 


    1 00000000         ; Timer channel registers for TIMER0:
    2 00000000 40030000 
                       TIMER0_CFG
                               EQU              0x40030000  ; Configuration Reg
                                                            ister
    3 00000000 40030004 
                       TIMER0_TAMR
                               EQU              0x40030004  ; Mode Register
    4 00000000 4003000C 
                       TIMER0_CTL
                               EQU              0x4003000C  ; Control Register
    5 00000000 4003001C 
                       TIMER0_RIS
                               EQU              0x4003001C  ; Raw interrupt Sta
                                                            tus
    6 00000000 40030024 
                       TIMER0_ICR
                               EQU              0x40030024  ; Interrupt Clear R
                                                            egister
    7 00000000 40030028 
                       TIMER0_TAILR
                               EQU              0x40030028  ; Interval Load Reg
                                                            ister
    8 00000000 40030030 
                       TIMER0_TAMATCHR
                               EQU              0x40030030  ; Match Register
    9 00000000 40030038 
                       TIMER0_TAPR
                               EQU              0x40030038  ; Prescaling Divide
                                                            r
   10 00000000 40030048 
                       TIMER0_TAR
                               EQU              0x40030048  ; Counter Register
   11 00000000 40030018 
                       TIMER0_IMR
                               EQU              0x40030018  ; Defining Interrup
                                                            t
   12 00000000 40030050 
                       TIMER0_TAV
                               EQU              0x40030050  ; To set the timer 
                                                            initial value
   13 00000000         ; Timer Gate Control
   14 00000000 400FE604 
                       SYSCTL_RCGCTIMER
                               EQU              0x400FE604  ; Timer Clock Gatin
                                                            g
   15 00000000         ;GPIO Registers for Port B
   16 00000000         ;Port B base 0x40005000
   17 00000000 40005010 
                       GPIO_PORTB_IM
                               EQU              0x40005010  ; Interrupt Mask
   18 00000000 40005400 
                       GPIO_PORTB_DIR
                               EQU              0x40005400  ; Port Direction
   19 00000000 40005420 
                       GPIO_PORTB_AFSEL
                               EQU              0x40005420  ; Alt Function enab
                                                            le
   20 00000000 4000551C 



ARM Macro Assembler    Page 2 


                       GPIO_PORTB_DEN
                               EQU              0x4000551C  ; Digital Enable
   21 00000000 40005528 
                       GPIO_PORTB_AMSEL
                               EQU              0x40005528  ; Analog enable
   22 00000000 4000552C 
                       GPIO_PORTB_PCTL
                               EQU              0x4000552C  ; Alternate Functio
                                                            ns
   23 00000000 40005514 
                       GPIO_PORTB_PDR
                               EQU              0x40005514  ; Pull down
   24 00000000         ;GPIO Gate Control Register
   25 00000000 400FE608 
                       SYSCTL_RCGCGPIO
                               EQU              0x400FE608
   26 00000000 20000480 
                       FIRST   EQU              0x20000480
   27 00000000 00F42400 
                       FREQ    EQU              0x00F42400  ; Freq 16M
   28 00000000         
   29 00000000         ;LABEL  DIRECTIVE VALUE  COMMENT
   30 00000000                 AREA             main, READONLY, CODE
   31 00000000                 THUMB
   32 00000000                 EXTERN           OutStr      ; Reference externa
                                                            l subroutine 
   33 00000000         ;EXTERN  InChar; Serial input Added
   34 00000000                 EXPORT           __main      ; Make available
   35 00000000         
   36 00000000         __main
   37 00000000 4942            LDR              R1, =SYSCTL_RCGCGPIO 
                                                            ; start GPIO clock
   38 00000002 6808            LDR              R0, [R1]
   39 00000004 F040 0002       ORR              R0, R0, #0x02 ; set bit 2 for p
                                                            ort B
   40 00000008 6008            STR              R0, [R1]
   41 0000000A BF00            NOP                          ; allow clock to se
                                                            ttle
   42 0000000C BF00            NOP
   43 0000000E BF00            NOP
   44 00000010 493F            LDR              R1, =GPIO_PORTB_DIR
   45 00000012 6808            LDR              R0, [R1]
   46 00000014 F020 0040       BIC              R0, R0, #0x40 ; clear bit 6 for
                                                             input
   47 00000018 6008            STR              R0, [R1]
   48 0000001A         ; enable alternate function
   49 0000001A 493E            LDR              R1, =GPIO_PORTB_AFSEL
   50 0000001C 6808            LDR              R0, [R1]
   51 0000001E F040 0040       ORR              R0, R0, #0x40 ; set bit6 for al
                                                            ternate fuction on 
                                                            PB6
   52 00000022 6008            STR              R0, [R1]
   53 00000024         ; set alternate function to T0CCP0 (7)
   54 00000024 493C            LDR              R1, =GPIO_PORTB_PCTL
   55 00000026 6808            LDR              R0, [R1]
   56 00000028 F040 60E0       ORR              R0, R0, #0x07000000 ; set bits 
                                                            27:24 of PCTL to 7
   57 0000002C 6008            STR              R0, [R1]    ; to enable T0CCP0 
                                                            on PB6



ARM Macro Assembler    Page 3 


   58 0000002E         ; disable analog
   59 0000002E 493B            LDR              R1, =GPIO_PORTB_AMSEL
   60 00000030 F04F 0000       MOV              R0, #0      ; clear AMSEL to di
                                                            able analog
   61 00000034 6008            STR              R0, [R1]
   62 00000036         ; Set pull down
   63 00000036 493A            LDR              R1, =GPIO_PORTB_PDR
   64 00000038 F04F 0040       MOV              R0, #0x40   ; set PB6 as pull d
                                                            own
   65 0000003C 6008            STR              R0, [R1]    ;
   66 0000003E         ; Start Timer 0 clock
   67 0000003E 4939            LDR              R1, =SYSCTL_RCGCTIMER
   68 00000040 680A            LDR              R2, [R1]    ; Start timer 0
   69 00000042 F042 0201       ORR              R2, R2, #0x01 ; Timer module = 
                                                            bit position (0)
   70 00000046 600A            STR              R2, [R1]
   71 00000048 BF00            NOP
   72 0000004A BF00            NOP
   73 0000004C BF00            NOP                          ; allow clock to se
                                                            ttle
   74 0000004E         ; disable timer during setup
   75 0000004E 4936            LDR              R1, =TIMER0_CTL
   76 00000050 680A            LDR              R2, [R1]
   77 00000052 F022 0201       BIC              R2, R2, #0x01 ; clear bit 0 to 
                                                            disable Timer 0
   78 00000056 600A            STR              R2, [R1]
   79 00000058         ; set to 16bit Timer Mode
   80 00000058 4934            LDR              R1, =TIMER0_CFG
   81 0000005A F04F 0204       MOV              R2, #0x04   ; set bits 2:0 to 0
                                                            x04 for 16bit timer
                                                            
   82 0000005E 600A            STR              R2, [R1]
   83 00000060         ; set for edge time and capture mode
   84 00000060 4933            LDR              R1, =TIMER0_TAMR
   85 00000062 F04F 0207       MOV              R2, #0x07   ; set bit2 to 0x01 
                                                            for Edge Time Mode,
                                                            
   86 00000066 600A            STR              R2, [R1]    ; set bits 1:0 to 0
                                                            x03 for Capture Mod
                                                            e
   87 00000068         ; set edge detection to both
   88 00000068 492F            LDR              R1, =TIMER0_CTL
   89 0000006A 680A            LDR              R2, [R1]
   90 0000006C F042 020C       ORR              R2, R2, #0x0C ; set bits 3:2 to
                                                             0x03
   91 00000070 600A            STR              R2, [R1]
   92 00000072         ; set start value
   93 00000072 4930            LDR              R1, =TIMER0_TAILR ; counter cou
                                                            nts down,
   94 00000074 F04F 30FF       MOV              R0, #0xFFFFFFFF ; so start coun
                                                            ter at max value 
   95 00000078 6008            STR              R0, [R1]
   96 0000007A         ; Enable timer
   97 0000007A 492B            LDR              R1, =TIMER0_CTL ;
   98 0000007C 680A            LDR              R2, [R1]    ;
   99 0000007E F042 0201       ORR              R2, R2, #0x01 ; set bit 0 to en
                                                            able
  100 00000082 600A            STR              R2, [R1]
  101 00000084         ; Await edge capture event



ARM Macro Assembler    Page 4 


  102 00000084 492C            LDR              R1, =TIMER0_RIS
  103 00000086 680A    loop    LDR              R2, [R1]
  104 00000088 F012 0204       ANDS             R2,#04      ; isolate CAERIS bi
                                                            t
  105 0000008C D0FB            BEQ              loop        ; if no capture, th
                                                            en loop
  106 0000008E         ; Need to clear CAERIS bit of TIMER0_RIS.
  107 0000008E         ; Write this part
  108 0000008E 492B            LDR              R1, =TIMER0_ICR ;
  109 00000090 680A            LDR              R2, [R1]    ;
  110 00000092 F042 0204       ORR              R2, #0x04   ; by setting CAECIN
                                                            T bit to 1, CAERIS 
                                                            bir is cleared
  111 00000096         
  112 00000096 492A            LDR              R1, =TIMER0_TAR ; address of ti
                                                            mer register
  113 00000098 6808            LDR              R0, [R1]    ; Get timer registe
                                                            r value 
  114 0000009A 2B00            CMP              R3,#0
  115 0000009C BF01 4604       MOVEQ            R4,R0       ; R4 0width >-_-<
  116 000000A0 1C5B            ADDEQ            R3,R3,#1    ; counter increased
                                                            
  117 000000A2 4928            LDREQ            R1, =TIMER0_TAV
  118 000000A4 2000            MOVEQ            R0,#0       ;
  119 000000A6 BF08 6008       STREQ            R0, [R1]    ;
  120 000000AA D0EC            BEQ              loop        ;
  121 000000AC         ; R3->1
  122 000000AC 4605            MOV              R5,R0       ; R5 Pwidth >_-_<
  123 000000AE F04F 0300       MOV              R3,#0       ; counter is set 0
  124 000000B2         
  125 000000B2 4925            LDR              R1, =FIRST  ;
  126 000000B4 EB05 0004       ADD              R0,R5,R4    ; R0 is period in n
                                                            umber
  127 000000B8 F240 2271       MOV              R2,#625     ; a thick is 625*10
                                                            ^-10 sec
  128 000000BC FB00 F002       MUL              R0,R0,R2    ; R0 is period in t
                                                            erms of 10^-10 sec
  129 000000C0 6008            STR              R0,[R1]     ; Period is written
                                                             to memory
  130 000000C2 F101 0102       ADD              R1,R1,#2    ; NEXT ADDRESS
  131 000000C6         
  132 000000C6 FB05 F002       MUL              R0,R5,R2    ; R0 is pulse width
                                                             in terms of 10^-10
                                                             sec
  133 000000CA 6008            STR              R0,[R1]     ; 
  134 000000CC F101 0102       ADD              R1,R1,#2    ; NEXT ADDRESS
  135 000000D0         
  136 000000D0 4A1E            LDR              R2, =FREQ   ; R2 is 16M
  137 000000D2 EB05 0004       ADD              R0,R5,R4    ; R0 is period in n
                                                            umber
  138 000000D6 FBB2 F0F0       UDIV             R0,R2,R0    ; R0 is frequency i
                                                            n Hz
  139 000000DA 6008            STR              R0,[R1]     ;
  140 000000DC F101 0102       ADD              R1,R1,#2    ; NEXT ADDRESS
  141 000000E0         
  142 000000E0 F04F 0264       MOV              R2,#100     ;
  143 000000E4 EB05 0004       ADD              R0,R5,R4    ; R0 is period in n
                                                            umber
  144 000000E8 FB05 F502       MUL              R5,R5,R2    ; R5 = 100*Pwidth



ARM Macro Assembler    Page 5 


  145 000000EC FBB5 F0F0       UDIV             R0,R5,R0    ; D.C. cannot be ca
                                                            lculated if <%1
  146 000000F0 6008            STR              R0,[R1]     ;
  147 000000F2 F101 0102       ADD              R1,R1,#2    ; NEXT ADDRESS
  148 000000F6         
  149 000000F6 F04F 0204       MOV              R2,#0x04    ;
  150 000000FA 600A            STR              R2,[R1]     ; 
  151 000000FC         ; all quantities in hex format
  152 000000FC 4D12            LDR              R5,=FIRST   ;
  153 000000FE 4911            LDR              R1, =TIMER0_TAV
  154 00000100 F04F 0000       MOV              R0,#0       ;
  155 00000104 6008            STR              R0, [R1]    ;
  156 00000106         ;PUSH{LR}
  157 00000106 F7FF FFFE       BL               OutStr
  158 0000010A         ;POP{LR}
  159 0000010A E7BC            B                loop
  160 0000010C                 END
              400FE608 
              40005400 
              40005420 
              4000552C 
              40005528 
              40005514 
              400FE604 
              4003000C 
              40030000 
              40030004 
              40030028 
              4003001C 
              40030024 
              40030048 
              40030050 
              20000480 
              00F42400 
Command Line: --debug --xref --diag_suppress=9931 --cpu=Cortex-M4.fp --apcs=int
erwork --depend=.\objects\main.d -o.\objects\main.o -I"D:\Furkan\Furkan Proje\Q
1\RTE" -IC:\Keil_v5\ARM\PACK\Keil\TM4C_DFP\1.1.0\Device\Include\TM4C123 -IC:\Ke
il_v5\ARM\CMSIS\Include --predefine="__EVAL SETA 1" --predefine="__UVISION_VERS
ION SETA 521" --predefine="TM4C123GH6PM SETA 1" --list=.\listings\main.lst ..\.
.\HMW\Polling\Main.s



ARM Macro Assembler    Page 1 Alphabetic symbol ordering
Relocatable symbols

__main 00000000

Symbol: __main
   Definitions
      At line 36 in file ..\..\HMW\Polling\Main.s
   Uses
      At line 34 in file ..\..\HMW\Polling\Main.s
Comment: __main used once
loop 00000086

Symbol: loop
   Definitions
      At line 103 in file ..\..\HMW\Polling\Main.s
   Uses
      At line 105 in file ..\..\HMW\Polling\Main.s
      At line 120 in file ..\..\HMW\Polling\Main.s
      At line 159 in file ..\..\HMW\Polling\Main.s

main 00000000

Symbol: main
   Definitions
      At line 30 in file ..\..\HMW\Polling\Main.s
   Uses
      None
Comment: main unused
3 symbols



ARM Macro Assembler    Page 1 Alphabetic symbol ordering
Absolute symbols

FIRST 20000480

Symbol: FIRST
   Definitions
      At line 26 in file ..\..\HMW\Polling\Main.s
   Uses
      At line 125 in file ..\..\HMW\Polling\Main.s
      At line 152 in file ..\..\HMW\Polling\Main.s

FREQ 00F42400

Symbol: FREQ
   Definitions
      At line 27 in file ..\..\HMW\Polling\Main.s
   Uses
      At line 136 in file ..\..\HMW\Polling\Main.s
Comment: FREQ used once
GPIO_PORTB_AFSEL 40005420

Symbol: GPIO_PORTB_AFSEL
   Definitions
      At line 19 in file ..\..\HMW\Polling\Main.s
   Uses
      At line 49 in file ..\..\HMW\Polling\Main.s
Comment: GPIO_PORTB_AFSEL used once
GPIO_PORTB_AMSEL 40005528

Symbol: GPIO_PORTB_AMSEL
   Definitions
      At line 21 in file ..\..\HMW\Polling\Main.s
   Uses
      At line 59 in file ..\..\HMW\Polling\Main.s
Comment: GPIO_PORTB_AMSEL used once
GPIO_PORTB_DEN 4000551C

Symbol: GPIO_PORTB_DEN
   Definitions
      At line 20 in file ..\..\HMW\Polling\Main.s
   Uses
      None
Comment: GPIO_PORTB_DEN unused
GPIO_PORTB_DIR 40005400

Symbol: GPIO_PORTB_DIR
   Definitions
      At line 18 in file ..\..\HMW\Polling\Main.s
   Uses
      At line 44 in file ..\..\HMW\Polling\Main.s
Comment: GPIO_PORTB_DIR used once
GPIO_PORTB_IM 40005010

Symbol: GPIO_PORTB_IM
   Definitions
      At line 17 in file ..\..\HMW\Polling\Main.s
   Uses
      None
Comment: GPIO_PORTB_IM unused
GPIO_PORTB_PCTL 4000552C




ARM Macro Assembler    Page 2 Alphabetic symbol ordering
Absolute symbols

Symbol: GPIO_PORTB_PCTL
   Definitions
      At line 22 in file ..\..\HMW\Polling\Main.s
   Uses
      At line 54 in file ..\..\HMW\Polling\Main.s
Comment: GPIO_PORTB_PCTL used once
GPIO_PORTB_PDR 40005514

Symbol: GPIO_PORTB_PDR
   Definitions
      At line 23 in file ..\..\HMW\Polling\Main.s
   Uses
      At line 63 in file ..\..\HMW\Polling\Main.s
Comment: GPIO_PORTB_PDR used once
SYSCTL_RCGCGPIO 400FE608

Symbol: SYSCTL_RCGCGPIO
   Definitions
      At line 25 in file ..\..\HMW\Polling\Main.s
   Uses
      At line 37 in file ..\..\HMW\Polling\Main.s
Comment: SYSCTL_RCGCGPIO used once
SYSCTL_RCGCTIMER 400FE604

Symbol: SYSCTL_RCGCTIMER
   Definitions
      At line 14 in file ..\..\HMW\Polling\Main.s
   Uses
      At line 67 in file ..\..\HMW\Polling\Main.s
Comment: SYSCTL_RCGCTIMER used once
TIMER0_CFG 40030000

Symbol: TIMER0_CFG
   Definitions
      At line 2 in file ..\..\HMW\Polling\Main.s
   Uses
      At line 80 in file ..\..\HMW\Polling\Main.s
Comment: TIMER0_CFG used once
TIMER0_CTL 4003000C

Symbol: TIMER0_CTL
   Definitions
      At line 4 in file ..\..\HMW\Polling\Main.s
   Uses
      At line 75 in file ..\..\HMW\Polling\Main.s
      At line 88 in file ..\..\HMW\Polling\Main.s
      At line 97 in file ..\..\HMW\Polling\Main.s

TIMER0_ICR 40030024

Symbol: TIMER0_ICR
   Definitions
      At line 6 in file ..\..\HMW\Polling\Main.s
   Uses
      At line 108 in file ..\..\HMW\Polling\Main.s
Comment: TIMER0_ICR used once
TIMER0_IMR 40030018

Symbol: TIMER0_IMR



ARM Macro Assembler    Page 3 Alphabetic symbol ordering
Absolute symbols

   Definitions
      At line 11 in file ..\..\HMW\Polling\Main.s
   Uses
      None
Comment: TIMER0_IMR unused
TIMER0_RIS 4003001C

Symbol: TIMER0_RIS
   Definitions
      At line 5 in file ..\..\HMW\Polling\Main.s
   Uses
      At line 102 in file ..\..\HMW\Polling\Main.s
Comment: TIMER0_RIS used once
TIMER0_TAILR 40030028

Symbol: TIMER0_TAILR
   Definitions
      At line 7 in file ..\..\HMW\Polling\Main.s
   Uses
      At line 93 in file ..\..\HMW\Polling\Main.s
Comment: TIMER0_TAILR used once
TIMER0_TAMATCHR 40030030

Symbol: TIMER0_TAMATCHR
   Definitions
      At line 8 in file ..\..\HMW\Polling\Main.s
   Uses
      None
Comment: TIMER0_TAMATCHR unused
TIMER0_TAMR 40030004

Symbol: TIMER0_TAMR
   Definitions
      At line 3 in file ..\..\HMW\Polling\Main.s
   Uses
      At line 84 in file ..\..\HMW\Polling\Main.s
Comment: TIMER0_TAMR used once
TIMER0_TAPR 40030038

Symbol: TIMER0_TAPR
   Definitions
      At line 9 in file ..\..\HMW\Polling\Main.s
   Uses
      None
Comment: TIMER0_TAPR unused
TIMER0_TAR 40030048

Symbol: TIMER0_TAR
   Definitions
      At line 10 in file ..\..\HMW\Polling\Main.s
   Uses
      At line 112 in file ..\..\HMW\Polling\Main.s
Comment: TIMER0_TAR used once
TIMER0_TAV 40030050

Symbol: TIMER0_TAV
   Definitions
      At line 12 in file ..\..\HMW\Polling\Main.s
   Uses



ARM Macro Assembler    Page 4 Alphabetic symbol ordering
Absolute symbols

      At line 117 in file ..\..\HMW\Polling\Main.s
      At line 153 in file ..\..\HMW\Polling\Main.s

22 symbols



ARM Macro Assembler    Page 1 Alphabetic symbol ordering
External symbols

OutStr 00000000

Symbol: OutStr
   Definitions
      At line 32 in file ..\..\HMW\Polling\Main.s
   Uses
      At line 157 in file ..\..\HMW\Polling\Main.s
Comment: OutStr used once
1 symbol
362 symbols in table
