


ARM Macro Assembler    Page 1 


    1 00000000         ; Pulse.s
    2 00000000         ; Routine for creating a pulse train using interrupts
    3 00000000         ; This uses Channel 0, and a 1MHz Timer Clock (_TAPR = 1
                       5 )
    4 00000000         ; Uses Timer0A to create pulse train on PF2
    5 00000000         
    6 00000000         ;Nested Vector Interrupt Controller registers
    7 00000000 00080000 
                       NVIC_EN0_INT19
                               EQU              0x00080000  ; Interrupt 19 enab
                                                            le
    8 00000000 E000E100 
                       NVIC_EN0
                               EQU              0xE000E100  ; IRQ 0 to 31 Set E
                                                            nable Register
    9 00000000 E000E410 
                       NVIC_PRI4
                               EQU              0xE000E410  ; IRQ 16 to 19 Prio
                                                            rity Register
   10 00000000         
   11 00000000         ; 16/32 Timer Registers
   12 00000000 40030000 
                       TIMER0_CFG
                               EQU              0x40030000
   13 00000000 40030004 
                       TIMER0_TAMR
                               EQU              0x40030004
   14 00000000 4003000C 
                       TIMER0_CTL
                               EQU              0x4003000C
   15 00000000 40030018 
                       TIMER0_IMR
                               EQU              0x40030018
   16 00000000 4003001C 
                       TIMER0_RIS
                               EQU              0x4003001C  ; Timer Interrupt S
                                                            tatus
   17 00000000 40030024 
                       TIMER0_ICR
                               EQU              0x40030024  ; Timer Interrupt C
                                                            lear
   18 00000000 40030028 
                       TIMER0_TAILR
                               EQU              0x40030028  ; Timer interval
   19 00000000 40030038 
                       TIMER0_TAPR
                               EQU              0x40030038
   20 00000000 40030048 
                       TIMER0_TAR
                               EQU              0x40030048  ; Timer register
   21 00000000         
   22 00000000         ;GPIO Registers
   23 00000000 40025010 
                       GPIO_PORTF_DATA
                               EQU              0x40025010  ; Access BIT2
   24 00000000 40025400 
                       GPIO_PORTF_DIR
                               EQU              0x40025400  ; Port Direction
   25 00000000 40025420 



ARM Macro Assembler    Page 2 


                       GPIO_PORTF_AFSEL
                               EQU              0x40025420  ; Alt Function enab
                                                            le
   26 00000000 4002551C 
                       GPIO_PORTF_DEN
                               EQU              0x4002551C  ; Digital Enable
   27 00000000 40025528 
                       GPIO_PORTF_AMSEL
                               EQU              0x40025528  ; Analog enable
   28 00000000 4002552C 
                       GPIO_PORTF_PCTL
                               EQU              0x4002552C  ; Alternate Functio
                                                            ns
   29 00000000         
   30 00000000         ;System Registers
   31 00000000 400FE608 
                       SYSCTL_RCGCGPIO
                               EQU              0x400FE608  ; GPIO Gate Control
                                                            
   32 00000000 400FE604 
                       SYSCTL_RCGCTIMER
                               EQU              0x400FE604  ; GPTM Gate Control
                                                            
   33 00000000         
   34 00000000         ;---------------------------------------------------
   35 00000000 00000100 
                       LOW     EQU              0x00000100
   36 00000000 00000100 
                       HIGH    EQU              0x00000100
   37 00000000         ;---------------------------------------------------
   38 00000000         
   39 00000000                 AREA             routines, CODE, READONLY
   40 00000000                 THUMB
   41 00000000                 EXPORT           My_Timer0A_Handler
   42 00000000                 EXPORT           PULSE_INIT
   43 00000000         
   44 00000000         ;---------------------------------------------------    
                        
   45 00000000         My_Timer0A_Handler
                               PROC
   46 00000000         ;...
   47 00000000 4770            BX               LR
   48 00000002                 ENDP
   49 00000002         ;---------------------------------------------------
   50 00000002         
   51 00000002         PULSE_INIT
                               PROC
   52 00000002 4928            LDR              R1, =SYSCTL_RCGCGPIO 
                                                            ; start GPIO clock
   53 00000004 6808            LDR              R0, [R1]
   54 00000006 F040 0020       ORR              R0, R0, #0x20 ; set bit 5 for p
                                                            ort F
   55 0000000A 6008            STR              R0, [R1]
   56 0000000C BF00            NOP                          ; allow clock to se
                                                            ttle
   57 0000000E BF00            NOP
   58 00000010 BF00            NOP
   59 00000012 4925            LDR              R1, =GPIO_PORTF_DIR ; set direc
                                                            tion of PF2



ARM Macro Assembler    Page 3 


   60 00000014 6808            LDR              R0, [R1]
   61 00000016 F040 0004       ORR              R0, R0, #0x04 ; set bit2 for ou
                                                            tput
   62 0000001A 6008            STR              R0, [R1]
   63 0000001C 4923            LDR              R1, =GPIO_PORTF_AFSEL ; regular
                                                             port function
   64 0000001E 6808            LDR              R0, [R1]
   65 00000020 F020 0004       BIC              R0, R0, #0x04
   66 00000024 6008            STR              R0, [R1]
   67 00000026 4922            LDR              R1, =GPIO_PORTF_PCTL ; no alter
                                                            nate function
   68 00000028 6808            LDR              R0, [R1]
   69 0000002A F420 6070       BIC              R0, R0, #0x00000F00
   70 0000002E 6008            STR              R0, [R1]
   71 00000030 4920            LDR              R1, =GPIO_PORTF_AMSEL 
                                                            ; disable analog
   72 00000032 F04F 0000       MOV              R0, #0
   73 00000036 6008            STR              R0, [R1]
   74 00000038 491F            LDR              R1, =GPIO_PORTF_DEN ; enable po
                                                            rt digital
   75 0000003A 6808            LDR              R0, [R1]
   76 0000003C F040 0004       ORR              R0, R0, #0x04
   77 00000040 6008            STR              R0, [R1]
   78 00000042         
   79 00000042 491E            LDR              R1, =SYSCTL_RCGCTIMER 
                                                            ; Start Timer0
   80 00000044 680A            LDR              R2, [R1]
   81 00000046 F042 0201       ORR              R2, R2, #0x01
   82 0000004A 600A            STR              R2, [R1]
   83 0000004C BF00            NOP                          ; allow clock to se
                                                            ttle
   84 0000004E BF00            NOP
   85 00000050 BF00            NOP
   86 00000052 491B            LDR              R1, =TIMER0_CTL ; disable timer
                                                             during setup LDR R
                                                            2, [R1]
   87 00000054 F022 0201       BIC              R2, R2, #0x01
   88 00000058 600A            STR              R2, [R1]
   89 0000005A 491A            LDR              R1, =TIMER0_CFG 
                                                            ; set 16 bit mode
   90 0000005C F04F 0204       MOV              R2, #0x04
   91 00000060 600A            STR              R2, [R1]
   92 00000062 4919            LDR              R1, =TIMER0_TAMR
   93 00000064 F04F 0202       MOV              R2, #0x02   ; set to periodic, 
                                                            count down
   94 00000068 600A            STR              R2, [R1]
   95 0000006A 4918            LDR              R1, =TIMER0_TAILR ; initialize 
                                                            match clocks
   96 0000006C F44F 7280       LDR              R2, =LOW
   97 00000070 600A            STR              R2, [R1]
   98 00000072 4917            LDR              R1, =TIMER0_TAPR
   99 00000074 F04F 020F       MOV              R2, #15     ; divide clock by 1
                                                            6 to
  100 00000078 600A            STR              R2, [R1]    ; get 1us clocks
  101 0000007A 4916            LDR              R1, =TIMER0_IMR ; enable timeou
                                                            t interrupt
  102 0000007C F04F 0201       MOV              R2, #0x01
  103 00000080 600A            STR              R2, [R1]
  104 00000082         ; Configure interrupt priorities



ARM Macro Assembler    Page 4 


  105 00000082         ; Timer0A is interrupt #19.
  106 00000082         ; Interrupts 16-19 are handled by NVIC register PRI4.
  107 00000082         ; Interrupt 19 is controlled by bits 31:29 of PRI4.
  108 00000082         ; set NVIC interrupt 19 to priority 2
  109 00000082 4915            LDR              R1, =NVIC_PRI4
  110 00000084 680A            LDR              R2, [R1]
  111 00000086 F022 427F       AND              R2, R2, #0x00FFFFFF ; clear int
                                                            errupt 19 priority
  112 0000008A F042 4280       ORR              R2, R2, #0x40000000 ; set inter
                                                            rupt 19 priority to
                                                             2
  113 0000008E 600A            STR              R2, [R1]
  114 00000090         ; NVIC has to be enabled
  115 00000090         ; Interrupts 0-31 are handled by NVIC register EN0
  116 00000090         ; Interrupt 19 is controlled by bit 19
  117 00000090         ; enable interrupt 19 in NVIC
  118 00000090 4912            LDR              R1, =NVIC_EN0
  119 00000092 F2C0 0208       MOVT             R2, #0x08   ; set bit 19 to ena
                                                            ble interrupt 19
  120 00000096 600A            STR              R2, [R1]
  121 00000098         ; Enable timer
  122 00000098 4909            LDR              R1, =TIMER0_CTL
  123 0000009A 680A            LDR              R2, [R1]
  124 0000009C F042 0203       ORR              R2, R2, #0x03 ; set bit0 to ena
                                                            ble
  125 000000A0 600A            STR              R2, [R1]    ; and bit 1 to stal
                                                            l on debug
  126 000000A2 4770            BX               LR          ; return
  127 000000A4                 ENDP
  128 000000A4                 END
              400FE608 
              40025400 
              40025420 
              4002552C 
              40025528 
              4002551C 
              400FE604 
              4003000C 
              40030000 
              40030004 
              40030028 
              40030038 
              40030018 
              E000E410 
              E000E100 
Command Line: --debug --xref --diag_suppress=9931 --cpu=Cortex-M4.fp --apcs=int
erwork --depend=.\objects\pulseorj.d -o.\objects\pulseorj.o -I"C:\Users\Furkan\
Google Drive\Ders Kitaplarý-Notlar\4. Sýnýf\EE447\LAB\Exp6\Q1\RTE" -IC:\Keil_v5
\ARM\PACK\Keil\TM4C_DFP\1.1.0\Device\Include\TM4C123 -IC:\Keil_v5\ARM\CMSIS\Inc
lude --predefine="__EVAL SETA 1" --predefine="__UVISION_VERSION SETA 521" --pre
define="TM4C123GH6PM SETA 1" --list=.\listings\pulseorj.lst ..\..\..\..\..\..\.
.\Downloads\Pulseorj.s



ARM Macro Assembler    Page 1 Alphabetic symbol ordering
Relocatable symbols

My_Timer0A_Handler 00000000

Symbol: My_Timer0A_Handler
   Definitions
      At line 45 in file ..\..\..\..\..\..\..\Downloads\Pulseorj.s
   Uses
      At line 41 in file ..\..\..\..\..\..\..\Downloads\Pulseorj.s
Comment: My_Timer0A_Handler used once
PULSE_INIT 00000002

Symbol: PULSE_INIT
   Definitions
      At line 51 in file ..\..\..\..\..\..\..\Downloads\Pulseorj.s
   Uses
      At line 42 in file ..\..\..\..\..\..\..\Downloads\Pulseorj.s
Comment: PULSE_INIT used once
routines 00000000

Symbol: routines
   Definitions
      At line 39 in file ..\..\..\..\..\..\..\Downloads\Pulseorj.s
   Uses
      None
Comment: routines unused
3 symbols



ARM Macro Assembler    Page 1 Alphabetic symbol ordering
Absolute symbols

GPIO_PORTF_AFSEL 40025420

Symbol: GPIO_PORTF_AFSEL
   Definitions
      At line 25 in file ..\..\..\..\..\..\..\Downloads\Pulseorj.s
   Uses
      At line 63 in file ..\..\..\..\..\..\..\Downloads\Pulseorj.s
Comment: GPIO_PORTF_AFSEL used once
GPIO_PORTF_AMSEL 40025528

Symbol: GPIO_PORTF_AMSEL
   Definitions
      At line 27 in file ..\..\..\..\..\..\..\Downloads\Pulseorj.s
   Uses
      At line 71 in file ..\..\..\..\..\..\..\Downloads\Pulseorj.s
Comment: GPIO_PORTF_AMSEL used once
GPIO_PORTF_DATA 40025010

Symbol: GPIO_PORTF_DATA
   Definitions
      At line 23 in file ..\..\..\..\..\..\..\Downloads\Pulseorj.s
   Uses
      None
Comment: GPIO_PORTF_DATA unused
GPIO_PORTF_DEN 4002551C

Symbol: GPIO_PORTF_DEN
   Definitions
      At line 26 in file ..\..\..\..\..\..\..\Downloads\Pulseorj.s
   Uses
      At line 74 in file ..\..\..\..\..\..\..\Downloads\Pulseorj.s
Comment: GPIO_PORTF_DEN used once
GPIO_PORTF_DIR 40025400

Symbol: GPIO_PORTF_DIR
   Definitions
      At line 24 in file ..\..\..\..\..\..\..\Downloads\Pulseorj.s
   Uses
      At line 59 in file ..\..\..\..\..\..\..\Downloads\Pulseorj.s
Comment: GPIO_PORTF_DIR used once
GPIO_PORTF_PCTL 4002552C

Symbol: GPIO_PORTF_PCTL
   Definitions
      At line 28 in file ..\..\..\..\..\..\..\Downloads\Pulseorj.s
   Uses
      At line 67 in file ..\..\..\..\..\..\..\Downloads\Pulseorj.s
Comment: GPIO_PORTF_PCTL used once
HIGH 00000100

Symbol: HIGH
   Definitions
      At line 36 in file ..\..\..\..\..\..\..\Downloads\Pulseorj.s
   Uses
      None
Comment: HIGH unused
LOW 00000100

Symbol: LOW



ARM Macro Assembler    Page 2 Alphabetic symbol ordering
Absolute symbols

   Definitions
      At line 35 in file ..\..\..\..\..\..\..\Downloads\Pulseorj.s
   Uses
      At line 96 in file ..\..\..\..\..\..\..\Downloads\Pulseorj.s
Comment: LOW used once
NVIC_EN0 E000E100

Symbol: NVIC_EN0
   Definitions
      At line 8 in file ..\..\..\..\..\..\..\Downloads\Pulseorj.s
   Uses
      At line 118 in file ..\..\..\..\..\..\..\Downloads\Pulseorj.s
Comment: NVIC_EN0 used once
NVIC_EN0_INT19 00080000

Symbol: NVIC_EN0_INT19
   Definitions
      At line 7 in file ..\..\..\..\..\..\..\Downloads\Pulseorj.s
   Uses
      None
Comment: NVIC_EN0_INT19 unused
NVIC_PRI4 E000E410

Symbol: NVIC_PRI4
   Definitions
      At line 9 in file ..\..\..\..\..\..\..\Downloads\Pulseorj.s
   Uses
      At line 109 in file ..\..\..\..\..\..\..\Downloads\Pulseorj.s
Comment: NVIC_PRI4 used once
SYSCTL_RCGCGPIO 400FE608

Symbol: SYSCTL_RCGCGPIO
   Definitions
      At line 31 in file ..\..\..\..\..\..\..\Downloads\Pulseorj.s
   Uses
      At line 52 in file ..\..\..\..\..\..\..\Downloads\Pulseorj.s
Comment: SYSCTL_RCGCGPIO used once
SYSCTL_RCGCTIMER 400FE604

Symbol: SYSCTL_RCGCTIMER
   Definitions
      At line 32 in file ..\..\..\..\..\..\..\Downloads\Pulseorj.s
   Uses
      At line 79 in file ..\..\..\..\..\..\..\Downloads\Pulseorj.s
Comment: SYSCTL_RCGCTIMER used once
TIMER0_CFG 40030000

Symbol: TIMER0_CFG
   Definitions
      At line 12 in file ..\..\..\..\..\..\..\Downloads\Pulseorj.s
   Uses
      At line 89 in file ..\..\..\..\..\..\..\Downloads\Pulseorj.s
Comment: TIMER0_CFG used once
TIMER0_CTL 4003000C

Symbol: TIMER0_CTL
   Definitions
      At line 14 in file ..\..\..\..\..\..\..\Downloads\Pulseorj.s
   Uses



ARM Macro Assembler    Page 3 Alphabetic symbol ordering
Absolute symbols

      At line 86 in file ..\..\..\..\..\..\..\Downloads\Pulseorj.s
      At line 122 in file ..\..\..\..\..\..\..\Downloads\Pulseorj.s

TIMER0_ICR 40030024

Symbol: TIMER0_ICR
   Definitions
      At line 17 in file ..\..\..\..\..\..\..\Downloads\Pulseorj.s
   Uses
      None
Comment: TIMER0_ICR unused
TIMER0_IMR 40030018

Symbol: TIMER0_IMR
   Definitions
      At line 15 in file ..\..\..\..\..\..\..\Downloads\Pulseorj.s
   Uses
      At line 101 in file ..\..\..\..\..\..\..\Downloads\Pulseorj.s
Comment: TIMER0_IMR used once
TIMER0_RIS 4003001C

Symbol: TIMER0_RIS
   Definitions
      At line 16 in file ..\..\..\..\..\..\..\Downloads\Pulseorj.s
   Uses
      None
Comment: TIMER0_RIS unused
TIMER0_TAILR 40030028

Symbol: TIMER0_TAILR
   Definitions
      At line 18 in file ..\..\..\..\..\..\..\Downloads\Pulseorj.s
   Uses
      At line 95 in file ..\..\..\..\..\..\..\Downloads\Pulseorj.s
Comment: TIMER0_TAILR used once
TIMER0_TAMR 40030004

Symbol: TIMER0_TAMR
   Definitions
      At line 13 in file ..\..\..\..\..\..\..\Downloads\Pulseorj.s
   Uses
      At line 92 in file ..\..\..\..\..\..\..\Downloads\Pulseorj.s
Comment: TIMER0_TAMR used once
TIMER0_TAPR 40030038

Symbol: TIMER0_TAPR
   Definitions
      At line 19 in file ..\..\..\..\..\..\..\Downloads\Pulseorj.s
   Uses
      At line 98 in file ..\..\..\..\..\..\..\Downloads\Pulseorj.s
Comment: TIMER0_TAPR used once
TIMER0_TAR 40030048

Symbol: TIMER0_TAR
   Definitions
      At line 20 in file ..\..\..\..\..\..\..\Downloads\Pulseorj.s
   Uses
      None
Comment: TIMER0_TAR unused



ARM Macro Assembler    Page 4 Alphabetic symbol ordering
Absolute symbols

22 symbols
361 symbols in table
