


ARM Macro Assembler    Page 1 


    1 00000000         ; 16/32 Timer Registers
    2 00000000 40031000 
                       TIMER1_CFG
                               EQU              0x40031000  ; Configuration Reg
                                                            ister
    3 00000000 40031004 
                       TIMER1_TAMR
                               EQU              0x40031004  ; Mode Register
    4 00000000 4003100C 
                       TIMER1_CTL
                               EQU              0x4003100C  ; Control Register
    5 00000000 4003101C 
                       TIMER1_RIS
                               EQU              0x4003101C  ; Raw interrupt Sta
                                                            tus
    6 00000000 40031024 
                       TIMER1_ICR
                               EQU              0x40031024  ; Interrupt Clear R
                                                            egister
    7 00000000 40031028 
                       TIMER1_TAILR
                               EQU              0x40031028  ; Interval Load Reg
                                                            ister
    8 00000000 40031030 
                       TIMER1_TAMATCHR
                               EQU              0x40031030  ; Match Register
    9 00000000 40031038 
                       TIMER1_TAPR
                               EQU              0x40031038  ; Prescaling Divide
                                                            r
   10 00000000 40031048 
                       TIMER1_TAR
                               EQU              0x40031048  ; Counter Register
   11 00000000 40031018 
                       TIMER1_IMR
                               EQU              0x40031018  ; Defining Interrup
                                                            t
   12 00000000 40031050 
                       TIMER1_TAV
                               EQU              0x40031050  ; To set the timer 
                                                            initial value
   13 00000000         
   14 00000000 20000480 
                       FIRST   EQU              0x20000480
   15 00000000 00F42400 
                       FREQ    EQU              0x00F42400  ; Freq 16M
   16 00000000         
   17 00000000         ;LABEL  DIRECTIVE VALUE  COMMENT
   18 00000000                 AREA             main, READONLY, CODE
   19 00000000                 THUMB
   20 00000000                 EXTERN           PULSE_INIT  ; Pulse initializat
                                                            ion
   21 00000000                 EXTERN           READ_INIT
   22 00000000                 EXTERN           OutStr
   23 00000000                 EXPORT           __main      ; Make available
   24 00000000         
   25 00000000         __main
   26 00000000 F7FF FFFE       BL               READ_INIT   ; initialize read
   27 00000004 F7FF FFFE       BL               PULSE_INIT  ; initialize pulse



ARM Macro Assembler    Page 2 


   28 00000008 F04F 0000       MOV              R0,#0       ; R0 is turn counte
                                                            r
   29 0000000C B401            PUSH{R0}
   30 0000000E         
   31 0000000E 4922    loop    LDR              R1, =TIMER1_RIS
   32 00000010 680A            LDR              R2, [R1]
   33 00000012 F012 0204       ANDS             R2,#04      ; isolate CAERIS bi
                                                            t
   34 00000016 D0FA            BEQ              loop        ; if no capture, th
                                                            en loop
   35 00000018         
   36 00000018 4920            LDR              R1, =TIMER1_ICR ;
   37 0000001A 680A            LDR              R2, [R1]    ;
   38 0000001C F042 0204       ORR              R2, #0x04   ; by setting CAECIN
                                                            T bit to 1, CAERIS 
                                                            bir is cleared
   39 00000020         
   40 00000020 491F            LDR              R1, =TIMER1_TAR ; address of ti
                                                            mer register
   41 00000022 6808            LDR              R0, [R1]    ; Get timer registe
                                                            r value 
   42 00000024 2B00            CMP              R3,#0
   43 00000026 BF01 4604       MOVEQ            R4,R0       ; R4 0width >-_-<
   44 0000002A 1C5B            ADDEQ            R3,R3,#1    ; counter increased
                                                            
   45 0000002C 491D            LDREQ            R1, =TIMER1_TAV
   46 0000002E 2000            MOVEQ            R0,#0       ;
   47 00000030 BF08 6008       STREQ            R0, [R1]    ;
   48 00000034 D0EB            BEQ              loop        ;
   49 00000036         ; R3->1
   50 00000036 4605            MOV              R5,R0       ; R5 Pwidth >_-_<
   51 00000038 F04F 0300       MOV              R3,#0       ; counter is set 0
   52 0000003C         
   53 0000003C 491A            LDR              R1, =FIRST  ;
   54 0000003E EB05 0004       ADD              R0,R5,R4    ; R0 is period in n
                                                            umber
   55 00000042 F240 2271       MOV              R2,#625     ; a thick is 625*10
                                                            ^-10 sec
   56 00000046 FB00 F002       MUL              R0,R0,R2    ; R0 is period in t
                                                            erms of 10^-10 sec
   57 0000004A 6008            STR              R0,[R1]     ; Period is written
                                                             to memory
   58 0000004C F101 0102       ADD              R1,R1,#2    ; NEXT ADDRESS
   59 00000050         
   60 00000050 FB05 F002       MUL              R0,R5,R2    ; R0 is pulse width
                                                             in terms of 10^-10
                                                             sec
   61 00000054 6008            STR              R0,[R1]     ; 
   62 00000056 F101 0102       ADD              R1,R1,#2    ; NEXT ADDRESS
   63 0000005A         
   64 0000005A 4A14            LDR              R2, =FREQ   ; R2 is 16M
   65 0000005C EB05 0004       ADD              R0,R5,R4    ; R0 is period in n
                                                            umber
   66 00000060 FBB2 F0F0       UDIV             R0,R2,R0    ; R0 is frequency i
                                                            n Hz
   67 00000064 6008            STR              R0,[R1]     ;
   68 00000066 F101 0102       ADD              R1,R1,#2    ; NEXT ADDRESS
   69 0000006A         
   70 0000006A F04F 0264       MOV              R2,#100     ;



ARM Macro Assembler    Page 3 


   71 0000006E EB05 0004       ADD              R0,R5,R4    ; R0 is period in n
                                                            umber
   72 00000072 FB05 F502       MUL              R5,R5,R2    ; R5 = 100*Pwidth
   73 00000076 FBB5 F0F0       UDIV             R0,R5,R0    ; D.C. cannot be ca
                                                            lculated if <%1
   74 0000007A 6008            STR              R0,[R1]     ;
   75 0000007C F101 0102       ADD              R1,R1,#2    ; NEXT ADDRESS
   76 00000080         
   77 00000080 F04F 0204       MOV              R2,#0x04    ;
   78 00000084 600A            STR              R2,[R1]     ; 
   79 00000086         ; all quantities in hex format
   80 00000086 4D08            LDR              R5,=FIRST   ;
   81 00000088 4906            LDR              R1, =TIMER1_TAV
   82 0000008A F04F 0000       MOV              R0,#0       ;
   83 0000008E 6008            STR              R0, [R1]    ;
   84 00000090         ;PUSH{LR}
   85 00000090 F7FF FFFE       BL               OutStr
   86 00000094         ;POP{LR}
   87 00000094 E7BB            B                loop
   88 00000096 00 00           ALIGN
   89 00000098                 END
              4003101C 
              40031024 
              40031048 
              40031050 
              20000480 
              00F42400 
Command Line: --debug --xref --diag_suppress=9931 --cpu=Cortex-M4.fp --apcs=int
erwork --depend=.\objects\q2main.d -o.\objects\q2main.o -I"D:\Furkan\Furkan Pro
je\Q1\RTE" -IC:\Keil_v5\ARM\PACK\Keil\TM4C_DFP\1.1.0\Device\Include\TM4C123 -IC
:\Keil_v5\ARM\CMSIS\Include --predefine="__EVAL SETA 1" --predefine="__UVISION_
VERSION SETA 521" --predefine="TM4C123GH6PM SETA 1" --list=.\listings\q2main.ls
t ..\Q2\Q2Main.s



ARM Macro Assembler    Page 1 Alphabetic symbol ordering
Relocatable symbols

__main 00000000

Symbol: __main
   Definitions
      At line 25 in file ..\Q2\Q2Main.s
   Uses
      At line 23 in file ..\Q2\Q2Main.s
Comment: __main used once
loop 0000000E

Symbol: loop
   Definitions
      At line 31 in file ..\Q2\Q2Main.s
   Uses
      At line 34 in file ..\Q2\Q2Main.s
      At line 48 in file ..\Q2\Q2Main.s
      At line 87 in file ..\Q2\Q2Main.s

main 00000000

Symbol: main
   Definitions
      At line 18 in file ..\Q2\Q2Main.s
   Uses
      None
Comment: main unused
3 symbols



ARM Macro Assembler    Page 1 Alphabetic symbol ordering
Absolute symbols

FIRST 20000480

Symbol: FIRST
   Definitions
      At line 14 in file ..\Q2\Q2Main.s
   Uses
      At line 53 in file ..\Q2\Q2Main.s
      At line 80 in file ..\Q2\Q2Main.s

FREQ 00F42400

Symbol: FREQ
   Definitions
      At line 15 in file ..\Q2\Q2Main.s
   Uses
      At line 64 in file ..\Q2\Q2Main.s
Comment: FREQ used once
TIMER1_CFG 40031000

Symbol: TIMER1_CFG
   Definitions
      At line 2 in file ..\Q2\Q2Main.s
   Uses
      None
Comment: TIMER1_CFG unused
TIMER1_CTL 4003100C

Symbol: TIMER1_CTL
   Definitions
      At line 4 in file ..\Q2\Q2Main.s
   Uses
      None
Comment: TIMER1_CTL unused
TIMER1_ICR 40031024

Symbol: TIMER1_ICR
   Definitions
      At line 6 in file ..\Q2\Q2Main.s
   Uses
      At line 36 in file ..\Q2\Q2Main.s
Comment: TIMER1_ICR used once
TIMER1_IMR 40031018

Symbol: TIMER1_IMR
   Definitions
      At line 11 in file ..\Q2\Q2Main.s
   Uses
      None
Comment: TIMER1_IMR unused
TIMER1_RIS 4003101C

Symbol: TIMER1_RIS
   Definitions
      At line 5 in file ..\Q2\Q2Main.s
   Uses
      At line 31 in file ..\Q2\Q2Main.s
Comment: TIMER1_RIS used once
TIMER1_TAILR 40031028




ARM Macro Assembler    Page 2 Alphabetic symbol ordering
Absolute symbols

Symbol: TIMER1_TAILR
   Definitions
      At line 7 in file ..\Q2\Q2Main.s
   Uses
      None
Comment: TIMER1_TAILR unused
TIMER1_TAMATCHR 40031030

Symbol: TIMER1_TAMATCHR
   Definitions
      At line 8 in file ..\Q2\Q2Main.s
   Uses
      None
Comment: TIMER1_TAMATCHR unused
TIMER1_TAMR 40031004

Symbol: TIMER1_TAMR
   Definitions
      At line 3 in file ..\Q2\Q2Main.s
   Uses
      None
Comment: TIMER1_TAMR unused
TIMER1_TAPR 40031038

Symbol: TIMER1_TAPR
   Definitions
      At line 9 in file ..\Q2\Q2Main.s
   Uses
      None
Comment: TIMER1_TAPR unused
TIMER1_TAR 40031048

Symbol: TIMER1_TAR
   Definitions
      At line 10 in file ..\Q2\Q2Main.s
   Uses
      At line 40 in file ..\Q2\Q2Main.s
Comment: TIMER1_TAR used once
TIMER1_TAV 40031050

Symbol: TIMER1_TAV
   Definitions
      At line 12 in file ..\Q2\Q2Main.s
   Uses
      At line 45 in file ..\Q2\Q2Main.s
      At line 81 in file ..\Q2\Q2Main.s

13 symbols



ARM Macro Assembler    Page 1 Alphabetic symbol ordering
External symbols

OutStr 00000000

Symbol: OutStr
   Definitions
      At line 22 in file ..\Q2\Q2Main.s
   Uses
      At line 85 in file ..\Q2\Q2Main.s
Comment: OutStr used once
PULSE_INIT 00000000

Symbol: PULSE_INIT
   Definitions
      At line 20 in file ..\Q2\Q2Main.s
   Uses
      At line 27 in file ..\Q2\Q2Main.s
Comment: PULSE_INIT used once
READ_INIT 00000000

Symbol: READ_INIT
   Definitions
      At line 21 in file ..\Q2\Q2Main.s
   Uses
      At line 26 in file ..\Q2\Q2Main.s
Comment: READ_INIT used once
3 symbols
355 symbols in table
