


ARM Macro Assembler    Page 1 


    1 00000000         ;*******************************************************
                       ******** 
    2 00000000         ; Program_Directives.s  
    3 00000000         ; Copies the table from one location
    4 00000000         ; to another memory location.           
    5 00000000         ; Directives and Addressing modes are   
    6 00000000         ; explained with this program.   
    7 00000000         ;*******************************************************
                       ******** 
    8 00000000         ;*******************************************************
                       ******** 
    9 00000000         ; EQU Directives
   10 00000000         ; These directives do not allocate memory
   11 00000000         ;*******************************************************
                       ********
   12 00000000         ;LABEL  DIRECTIVE VALUE  COMMENT
   13 00000000 00000010 
                       OFFSET  EQU              0x10
   14 00000000 20000480 
                       FIRST   EQU              0x20000480
   15 00000000 20000410 
                       STORE   EQU              0x20000410
   16 00000000         ;*******************************************************
                       ********
   17 00000000         ; Directives - This Data Section is part of the code
   18 00000000         ; It is in the read only section  so values cannot be ch
                       anged.
   19 00000000         ;*******************************************************
                       ********
   20 00000000         ;LABEL  DIRECTIVE VALUE  COMMENT
   21 00000000                 AREA             sdata, DATA, READONLY
   22 00000000                 THUMB
   23 00000000 10      CTR1    DCB              0x10
   24 00000001 43 6F 70 
              79 69 6E 
              67 20 74 
              61 62 6C 
              65 2E 2E 
              2E       MSG     DCB              "Copying table..."
   25 00000011 0D              DCB              0x0D
   26 00000012 04              DCB              0x04
   27 00000013         ;*******************************************************
                       ********
   28 00000013         ; Program section           
   29 00000013         ;*******************************************************
                       ********
   30 00000013         ;LABEL  DIRECTIVE VALUE  COMMENT
   31 00000013                 AREA             main, READONLY, CODE
   32 00000000                 THUMB
   33 00000000                 EXTERN           OutStr      ; Reference externa
                                                            l subroutine 
   34 00000000                 EXTERN           InChar      ; Serial input Adde
                                                            d
   35 00000000                 EXTERN           SignalSend  ; GPIO signal send
   36 00000000                 EXTERN           InitGPIO    ; GPIO initialize
   37 00000000                 EXTERN           delay       ; Delay is availabl
                                                            e
   38 00000000                 EXTERN           CheckInput  ; Input Check is av
                                                            ailable



ARM Macro Assembler    Page 2 


   39 00000000                 EXPORT           __main      ; Make available
   40 00000000         
   41 00000000         __main
   42 00000000 F7FF FFFE       BL               InitGPIO    ; GPIO initialized
   43 00000004 F04F 0301       MOV              R3,#0x00000001 ;
   44 00000008 F04F 0600       MOV              R6,#0       ;
   45 0000000C F7FF FFFE       BL               SignalSend  ;
   46 00000010 F7FF FFFE 
                       Begin   BL               CheckInput  ;
   47 00000014 2A00            CMP              R2,#0
   48 00000016 D0FB            BEQ              Begin       ;
   49 00000018 2A01            CMP              R2,#1
   50 0000001A D002            BEQ              CW
   51 0000001C 2A02            CMP              R2,#2
   52 0000001E D00A            BEQ              CCW
   53 00000020 E7F6            B                Begin
   54 00000022 F003 030F 
                       CW      AND              R3,R3,#15   ;
   55 00000026 2B01            CMP              R3,#1
   56 00000028 BF0C 2308       MOVEQ            R3,#8       ;
   57 0000002C 085B            LSRNE            R3,R3,#1    ;
   58 0000002E 461E            MOV              R6,R3       ;
   59 00000030 F7FF FFFE       BL               SignalSend  ;
   60 00000034 E7EC            B                Begin       ;
   61 00000036 F003 030F 
                       CCW     AND              R3,R3,#15   ;
   62 0000003A 2B08            CMP              R3,#8
   63 0000003C BF0C 2301       MOVEQ            R3,#1       ;
   64 00000040 005B            LSLNE            R3,R3,#1    ;
   65 00000042 461E            MOV              R6,R3       ;
   66 00000044 F7FF FFFE       BL               SignalSend  ;
   67 00000048 E7E2            B                Begin       ;
   68 0000004A         ;*******************************************************
                       ********
   69 0000004A         ; End of the program  section
   70 0000004A         ;*******************************************************
                       ********
   71 0000004A         ;LABEL      DIRECTIVE       VALUE                       
                           COMMENT
   72 0000004A 00 00           ALIGN
   73 0000004C                 END
Command Line: --debug --xref --diag_suppress=9931 --cpu=Cortex-M4.fp --apcs=int
erwork --depend=.\objects\q3_main.d -o.\objects\q3_main.o -I"C:\Users\Furkan\Go
ogle Drive\Ders Kitaplarý-Notlar\4. Sýnýf\EE447\LAB\Exp5\Q3\RTE" -IC:\Keil_v5\A
RM\PACK\Keil\TM4C_DFP\1.1.0\Device\Include\TM4C123 -IC:\Keil_v5\ARM\CMSIS\Inclu
de --predefine="__EVAL SETA 1" --predefine="__UVISION_VERSION SETA 521" --prede
fine="TM4C123GH6PM SETA 1" --list=.\listings\q3_main.lst Q3_Main.s



ARM Macro Assembler    Page 1 Alphabetic symbol ordering
Relocatable symbols

CTR1 00000000

Symbol: CTR1
   Definitions
      At line 23 in file Q3_Main.s
   Uses
      None
Comment: CTR1 unused
MSG 00000001

Symbol: MSG
   Definitions
      At line 24 in file Q3_Main.s
   Uses
      None
Comment: MSG unused
sdata 00000000

Symbol: sdata
   Definitions
      At line 21 in file Q3_Main.s
   Uses
      None
Comment: sdata unused
3 symbols



ARM Macro Assembler    Page 1 Alphabetic symbol ordering
Relocatable symbols

Begin 00000010

Symbol: Begin
   Definitions
      At line 46 in file Q3_Main.s
   Uses
      At line 48 in file Q3_Main.s
      At line 53 in file Q3_Main.s
      At line 60 in file Q3_Main.s
      At line 67 in file Q3_Main.s

CCW 00000036

Symbol: CCW
   Definitions
      At line 61 in file Q3_Main.s
   Uses
      At line 52 in file Q3_Main.s
Comment: CCW used once
CW 00000022

Symbol: CW
   Definitions
      At line 54 in file Q3_Main.s
   Uses
      At line 50 in file Q3_Main.s
Comment: CW used once
__main 00000000

Symbol: __main
   Definitions
      At line 41 in file Q3_Main.s
   Uses
      At line 39 in file Q3_Main.s
Comment: __main used once
main 00000000

Symbol: main
   Definitions
      At line 31 in file Q3_Main.s
   Uses
      None
Comment: main unused
5 symbols



ARM Macro Assembler    Page 1 Alphabetic symbol ordering
Absolute symbols

FIRST 20000480

Symbol: FIRST
   Definitions
      At line 14 in file Q3_Main.s
   Uses
      None
Comment: FIRST unused
OFFSET 00000010

Symbol: OFFSET
   Definitions
      At line 13 in file Q3_Main.s
   Uses
      None
Comment: OFFSET unused
STORE 20000410

Symbol: STORE
   Definitions
      At line 15 in file Q3_Main.s
   Uses
      None
Comment: STORE unused
3 symbols



ARM Macro Assembler    Page 1 Alphabetic symbol ordering
External symbols

CheckInput 00000000

Symbol: CheckInput
   Definitions
      At line 38 in file Q3_Main.s
   Uses
      At line 46 in file Q3_Main.s
Comment: CheckInput used once
InChar 00000000

Symbol: InChar
   Definitions
      At line 34 in file Q3_Main.s
   Uses
      None
Comment: InChar unused
InitGPIO 00000000

Symbol: InitGPIO
   Definitions
      At line 36 in file Q3_Main.s
   Uses
      At line 42 in file Q3_Main.s
Comment: InitGPIO used once
OutStr 00000000

Symbol: OutStr
   Definitions
      At line 33 in file Q3_Main.s
   Uses
      None
Comment: OutStr unused
SignalSend 00000000

Symbol: SignalSend
   Definitions
      At line 35 in file Q3_Main.s
   Uses
      At line 45 in file Q3_Main.s
      At line 59 in file Q3_Main.s
      At line 66 in file Q3_Main.s

delay 00000000

Symbol: delay
   Definitions
      At line 37 in file Q3_Main.s
   Uses
      None
Comment: delay unused
6 symbols
351 symbols in table
